{"C:\\fitr-506\\backend\\app.js": {"path":"C:\\fitr-506\\backend\\app.js","statementMap":{"0":{"start":{"line":1,"column":16},"end":{"line":1,"column":34}},"1":{"start":{"line":2,"column":17},"end":{"line":2,"column":36}},"2":{"start":{"line":4,"column":12},"end":{"line":4,"column":21}},"3":{"start":{"line":6,"column":0},"end":{"line":6,"column":24}},"4":{"start":{"line":7,"column":0},"end":{"line":7,"column":45}},"5":{"start":{"line":8,"column":0},"end":{"line":8,"column":31}},"6":{"start":{"line":9,"column":0},"end":{"line":9,"column":43}},"7":{"start":{"line":11,"column":0},"end":{"line":11,"column":39}},"8":{"start":{"line":12,"column":0},"end":{"line":12,"column":37}},"9":{"start":{"line":13,"column":0},"end":{"line":13,"column":38}},"10":{"start":{"line":14,"column":0},"end":{"line":14,"column":41}},"11":{"start":{"line":15,"column":0},"end":{"line":15,"column":37}},"12":{"start":{"line":16,"column":0},"end":{"line":16,"column":44}},"13":{"start":{"line":17,"column":0},"end":{"line":17,"column":40}},"14":{"start":{"line":20,"column":0},"end":{"line":22,"column":2}},"15":{"start":{"line":21,"column":4},"end":{"line":21,"column":46}},"16":{"start":{"line":24,"column":0},"end":{"line":24,"column":21}}},"fnMap":{"0":{"name":"(anonymous_0)","decl":{"start":{"line":20,"column":13},"end":{"line":20,"column":14}},"loc":{"start":{"line":20,"column":27},"end":{"line":22,"column":1}},"line":20}},"branchMap":{},"s":{"0":4,"1":4,"2":4,"3":4,"4":4,"5":4,"6":4,"7":4,"8":4,"9":4,"10":4,"11":4,"12":4,"13":4,"14":4,"15":0,"16":4},"f":{"0":0},"b":{},"_coverageSchema":"1a1c01bbd47fc00a2c39e90264f33305004495a9","hash":"946b051a252e740c2ef62ffbb15494f8d9a11ac5"}
,"C:\\fitr-506\\backend\\config\\db.config.js": {"path":"C:\\fitr-506\\backend\\config\\db.config.js","statementMap":{"0":{"start":{"line":1,"column":0},"end":{"line":3,"column":2}}},"fnMap":{},"branchMap":{},"s":{"0":4},"f":{},"b":{},"_coverageSchema":"1a1c01bbd47fc00a2c39e90264f33305004495a9","hash":"e7996987c46c9cf63692b5a1fad6c8e1709b0f03"}
,"C:\\fitr-506\\backend\\config\\email.config.js": {"path":"C:\\fitr-506\\backend\\config\\email.config.js","statementMap":{"0":{"start":{"line":1,"column":0},"end":{"line":7,"column":1}}},"fnMap":{},"branchMap":{},"s":{"0":4},"f":{},"b":{},"_coverageSchema":"1a1c01bbd47fc00a2c39e90264f33305004495a9","hash":"2aa4c674d5c4af37dd0fb577d049e0e391ebade7"}
,"C:\\fitr-506\\backend\\controllers\\activity.controller.js": {"path":"C:\\fitr-506\\backend\\controllers\\activity.controller.js","statementMap":{"0":{"start":{"line":1,"column":11},"end":{"line":1,"column":31}},"1":{"start":{"line":2,"column":17},"end":{"line":2,"column":28}},"2":{"start":{"line":4,"column":0},"end":{"line":24,"column":1}},"3":{"start":{"line":5,"column":4},"end":{"line":23,"column":5}},"4":{"start":{"line":6,"column":6},"end":{"line":9,"column":8}},"5":{"start":{"line":11,"column":6},"end":{"line":22,"column":7}},"6":{"start":{"line":12,"column":17},"end":{"line":12,"column":29}},"7":{"start":{"line":13,"column":21},"end":{"line":13,"column":54}},"8":{"start":{"line":14,"column":8},"end":{"line":16,"column":9}},"9":{"start":{"line":15,"column":10},"end":{"line":15,"column":70}},"10":{"start":{"line":17,"column":8},"end":{"line":17,"column":28}},"11":{"start":{"line":18,"column":8},"end":{"line":18,"column":32}},"12":{"start":{"line":20,"column":8},"end":{"line":20,"column":25}},"13":{"start":{"line":21,"column":8},"end":{"line":21,"column":82}},"14":{"start":{"line":26,"column":0},"end":{"line":39,"column":1}},"15":{"start":{"line":27,"column":4},"end":{"line":38,"column":5}},"16":{"start":{"line":28,"column":21},"end":{"line":31,"column":8}},"17":{"start":{"line":32,"column":6},"end":{"line":32,"column":28}},"18":{"start":{"line":33,"column":6},"end":{"line":33,"column":28}},"19":{"start":{"line":34,"column":6},"end":{"line":34,"column":70}},"20":{"start":{"line":36,"column":6},"end":{"line":36,"column":23}},"21":{"start":{"line":37,"column":6},"end":{"line":37,"column":75}},"22":{"start":{"line":41,"column":0},"end":{"line":61,"column":1}},"23":{"start":{"line":42,"column":4},"end":{"line":60,"column":5}},"24":{"start":{"line":43,"column":6},"end":{"line":46,"column":8}},"25":{"start":{"line":48,"column":6},"end":{"line":59,"column":7}},"26":{"start":{"line":49,"column":17},"end":{"line":49,"column":28}},"27":{"start":{"line":50,"column":21},"end":{"line":50,"column":56}},"28":{"start":{"line":51,"column":8},"end":{"line":53,"column":9}},"29":{"start":{"line":52,"column":10},"end":{"line":52,"column":63}},"30":{"start":{"line":54,"column":8},"end":{"line":54,"column":28}},"31":{"start":{"line":55,"column":8},"end":{"line":55,"column":32}},"32":{"start":{"line":57,"column":8},"end":{"line":57,"column":25}},"33":{"start":{"line":58,"column":8},"end":{"line":58,"column":77}},"34":{"start":{"line":63,"column":0},"end":{"line":85,"column":1}},"35":{"start":{"line":64,"column":4},"end":{"line":84,"column":5}},"36":{"start":{"line":65,"column":6},"end":{"line":70,"column":7}},"37":{"start":{"line":66,"column":8},"end":{"line":69,"column":10}},"38":{"start":{"line":71,"column":6},"end":{"line":76,"column":7}},"39":{"start":{"line":72,"column":8},"end":{"line":75,"column":10}},"40":{"start":{"line":77,"column":20},"end":{"line":77,"column":31}},"41":{"start":{"line":78,"column":19},"end":{"line":78,"column":112}},"42":{"start":{"line":79,"column":6},"end":{"line":79,"column":26}},"43":{"start":{"line":80,"column":6},"end":{"line":80,"column":55}},"44":{"start":{"line":82,"column":6},"end":{"line":82,"column":23}},"45":{"start":{"line":83,"column":6},"end":{"line":83,"column":80}}},"fnMap":{"0":{"name":"(anonymous_0)","decl":{"start":{"line":4,"column":22},"end":{"line":4,"column":23}},"loc":{"start":{"line":4,"column":42},"end":{"line":24,"column":1}},"line":4},"1":{"name":"(anonymous_1)","decl":{"start":{"line":26,"column":22},"end":{"line":26,"column":23}},"loc":{"start":{"line":26,"column":42},"end":{"line":39,"column":1}},"line":26},"2":{"name":"(anonymous_2)","decl":{"start":{"line":41,"column":25},"end":{"line":41,"column":26}},"loc":{"start":{"line":41,"column":45},"end":{"line":61,"column":1}},"line":41},"3":{"name":"(anonymous_3)","decl":{"start":{"line":63,"column":26},"end":{"line":63,"column":27}},"loc":{"start":{"line":63,"column":46},"end":{"line":85,"column":1}},"line":63}},"branchMap":{"0":{"loc":{"start":{"line":5,"column":4},"end":{"line":23,"column":5}},"type":"if","locations":[{"start":{"line":5,"column":4},"end":{"line":23,"column":5}},{"start":{"line":10,"column":11},"end":{"line":23,"column":5}}],"line":5},"1":{"loc":{"start":{"line":14,"column":8},"end":{"line":16,"column":9}},"type":"if","locations":[{"start":{"line":14,"column":8},"end":{"line":16,"column":9}},{"start":{},"end":{}}],"line":14},"2":{"loc":{"start":{"line":42,"column":4},"end":{"line":60,"column":5}},"type":"if","locations":[{"start":{"line":42,"column":4},"end":{"line":60,"column":5}},{"start":{"line":47,"column":11},"end":{"line":60,"column":5}}],"line":42},"3":{"loc":{"start":{"line":51,"column":8},"end":{"line":53,"column":9}},"type":"if","locations":[{"start":{"line":51,"column":8},"end":{"line":53,"column":9}},{"start":{},"end":{}}],"line":51},"4":{"loc":{"start":{"line":65,"column":6},"end":{"line":70,"column":7}},"type":"if","locations":[{"start":{"line":65,"column":6},"end":{"line":70,"column":7}},{"start":{},"end":{}}],"line":65},"5":{"loc":{"start":{"line":71,"column":6},"end":{"line":76,"column":7}},"type":"if","locations":[{"start":{"line":71,"column":6},"end":{"line":76,"column":7}},{"start":{},"end":{}}],"line":71}},"s":{"0":4,"1":4,"2":4,"3":1,"4":0,"5":1,"6":1,"7":1,"8":1,"9":0,"10":1,"11":1,"12":0,"13":0,"14":4,"15":1,"16":1,"17":1,"18":1,"19":1,"20":0,"21":0,"22":4,"23":1,"24":0,"25":1,"26":1,"27":1,"28":1,"29":0,"30":1,"31":1,"32":0,"33":0,"34":4,"35":1,"36":1,"37":0,"38":1,"39":0,"40":1,"41":1,"42":1,"43":1,"44":0,"45":0},"f":{"0":1,"1":1,"2":1,"3":1},"b":{"0":[0,1],"1":[0,1],"2":[0,1],"3":[0,1],"4":[0,1],"5":[0,1]},"_coverageSchema":"1a1c01bbd47fc00a2c39e90264f33305004495a9","hash":"e3e442b1304930212055d07f92fa196ca2541626"}
,"C:\\fitr-506\\backend\\controllers\\admin.controller.js": {"path":"C:\\fitr-506\\backend\\controllers\\admin.controller.js","statementMap":{"0":{"start":{"line":1,"column":11},"end":{"line":1,"column":31}},"1":{"start":{"line":2,"column":13},"end":{"line":2,"column":20}},"2":{"start":{"line":3,"column":14},"end":{"line":3,"column":22}},"3":{"start":{"line":6,"column":0},"end":{"line":40,"column":1}},"4":{"start":{"line":7,"column":2},"end":{"line":9,"column":3}},"5":{"start":{"line":8,"column":4},"end":{"line":8,"column":40}},"6":{"start":{"line":11,"column":2},"end":{"line":39,"column":3}},"7":{"start":{"line":12,"column":18},"end":{"line":12,"column":60}},"8":{"start":{"line":13,"column":16},"end":{"line":13,"column":54}},"9":{"start":{"line":14,"column":16},"end":{"line":14,"column":18}},"10":{"start":{"line":15,"column":4},"end":{"line":19,"column":5}},"11":{"start":{"line":16,"column":6},"end":{"line":16,"column":26}},"12":{"start":{"line":18,"column":6},"end":{"line":18,"column":26}},"13":{"start":{"line":20,"column":4},"end":{"line":20,"column":23}},"14":{"start":{"line":21,"column":18},"end":{"line":21,"column":29}},"15":{"start":{"line":22,"column":17},"end":{"line":24,"column":5}},"16":{"start":{"line":25,"column":17},"end":{"line":25,"column":68}},"17":{"start":{"line":26,"column":4},"end":{"line":26,"column":24}},"18":{"start":{"line":27,"column":16},"end":{"line":30,"column":6}},"19":{"start":{"line":31,"column":4},"end":{"line":31,"column":23}},"20":{"start":{"line":32,"column":4},"end":{"line":32,"column":24}},"21":{"start":{"line":33,"column":4},"end":{"line":33,"column":23}},"22":{"start":{"line":34,"column":4},"end":{"line":34,"column":56}},"23":{"start":{"line":37,"column":4},"end":{"line":37,"column":21}},"24":{"start":{"line":38,"column":4},"end":{"line":38,"column":78}},"25":{"start":{"line":42,"column":0},"end":{"line":63,"column":1}},"26":{"start":{"line":43,"column":2},"end":{"line":45,"column":3}},"27":{"start":{"line":44,"column":4},"end":{"line":44,"column":31}},"28":{"start":{"line":47,"column":2},"end":{"line":62,"column":3}},"29":{"start":{"line":48,"column":18},"end":{"line":48,"column":34}},"30":{"start":{"line":49,"column":18},"end":{"line":49,"column":29}},"31":{"start":{"line":50,"column":17},"end":{"line":52,"column":5}},"32":{"start":{"line":53,"column":17},"end":{"line":53,"column":77}},"33":{"start":{"line":54,"column":23},"end":{"line":54,"column":64}},"34":{"start":{"line":55,"column":4},"end":{"line":55,"column":24}},"35":{"start":{"line":56,"column":4},"end":{"line":56,"column":30}},"36":{"start":{"line":57,"column":4},"end":{"line":57,"column":56}},"37":{"start":{"line":60,"column":4},"end":{"line":60,"column":21}},"38":{"start":{"line":61,"column":4},"end":{"line":61,"column":78}},"39":{"start":{"line":65,"column":0},"end":{"line":81,"column":1}},"40":{"start":{"line":66,"column":2},"end":{"line":68,"column":3}},"41":{"start":{"line":67,"column":4},"end":{"line":67,"column":61}},"42":{"start":{"line":70,"column":2},"end":{"line":80,"column":3}},"43":{"start":{"line":71,"column":17},"end":{"line":71,"column":63}},"44":{"start":{"line":72,"column":4},"end":{"line":74,"column":5}},"45":{"start":{"line":73,"column":6},"end":{"line":73,"column":56}},"46":{"start":{"line":75,"column":4},"end":{"line":75,"column":24}},"47":{"start":{"line":76,"column":4},"end":{"line":76,"column":28}},"48":{"start":{"line":78,"column":4},"end":{"line":78,"column":21}},"49":{"start":{"line":79,"column":4},"end":{"line":79,"column":78}},"50":{"start":{"line":84,"column":0},"end":{"line":103,"column":1}},"51":{"start":{"line":85,"column":2},"end":{"line":87,"column":3}},"52":{"start":{"line":86,"column":4},"end":{"line":86,"column":32}},"53":{"start":{"line":89,"column":2},"end":{"line":102,"column":3}},"54":{"start":{"line":90,"column":19},"end":{"line":90,"column":36}},"55":{"start":{"line":91,"column":18},"end":{"line":91,"column":29}},"56":{"start":{"line":92,"column":17},"end":{"line":94,"column":5}},"57":{"start":{"line":95,"column":17},"end":{"line":95,"column":79}},"58":{"start":{"line":96,"column":4},"end":{"line":96,"column":24}},"59":{"start":{"line":97,"column":4},"end":{"line":97,"column":49}},"60":{"start":{"line":100,"column":4},"end":{"line":100,"column":21}},"61":{"start":{"line":101,"column":4},"end":{"line":101,"column":78}}},"fnMap":{"0":{"name":"(anonymous_0)","decl":{"start":{"line":6,"column":19},"end":{"line":6,"column":20}},"loc":{"start":{"line":6,"column":39},"end":{"line":40,"column":1}},"line":6},"1":{"name":"(anonymous_1)","decl":{"start":{"line":42,"column":22},"end":{"line":42,"column":23}},"loc":{"start":{"line":42,"column":42},"end":{"line":63,"column":1}},"line":42},"2":{"name":"(anonymous_2)","decl":{"start":{"line":65,"column":19},"end":{"line":65,"column":20}},"loc":{"start":{"line":65,"column":39},"end":{"line":81,"column":1}},"line":65},"3":{"name":"(anonymous_3)","decl":{"start":{"line":84,"column":22},"end":{"line":84,"column":23}},"loc":{"start":{"line":84,"column":42},"end":{"line":103,"column":1}},"line":84}},"branchMap":{"0":{"loc":{"start":{"line":7,"column":2},"end":{"line":9,"column":3}},"type":"if","locations":[{"start":{"line":7,"column":2},"end":{"line":9,"column":3}},{"start":{},"end":{}}],"line":7},"1":{"loc":{"start":{"line":7,"column":6},"end":{"line":7,"column":42}},"type":"binary-expr","locations":[{"start":{"line":7,"column":6},"end":{"line":7,"column":23}},{"start":{"line":7,"column":27},"end":{"line":7,"column":42}}],"line":7},"2":{"loc":{"start":{"line":12,"column":18},"end":{"line":12,"column":60}},"type":"cond-expr","locations":[{"start":{"line":12,"column":37},"end":{"line":12,"column":53}},{"start":{"line":12,"column":56},"end":{"line":12,"column":60}}],"line":12},"3":{"loc":{"start":{"line":13,"column":16},"end":{"line":13,"column":54}},"type":"cond-expr","locations":[{"start":{"line":13,"column":33},"end":{"line":13,"column":47}},{"start":{"line":13,"column":50},"end":{"line":13,"column":54}}],"line":13},"4":{"loc":{"start":{"line":15,"column":4},"end":{"line":19,"column":5}},"type":"if","locations":[{"start":{"line":15,"column":4},"end":{"line":19,"column":5}},{"start":{"line":17,"column":11},"end":{"line":19,"column":5}}],"line":15},"5":{"loc":{"start":{"line":43,"column":2},"end":{"line":45,"column":3}},"type":"if","locations":[{"start":{"line":43,"column":2},"end":{"line":45,"column":3}},{"start":{},"end":{}}],"line":43},"6":{"loc":{"start":{"line":66,"column":2},"end":{"line":68,"column":3}},"type":"if","locations":[{"start":{"line":66,"column":2},"end":{"line":68,"column":3}},{"start":{},"end":{}}],"line":66},"7":{"loc":{"start":{"line":72,"column":4},"end":{"line":74,"column":5}},"type":"if","locations":[{"start":{"line":72,"column":4},"end":{"line":74,"column":5}},{"start":{},"end":{}}],"line":72},"8":{"loc":{"start":{"line":85,"column":2},"end":{"line":87,"column":3}},"type":"if","locations":[{"start":{"line":85,"column":2},"end":{"line":87,"column":3}},{"start":{},"end":{}}],"line":85}},"s":{"0":4,"1":4,"2":4,"3":4,"4":0,"5":0,"6":0,"7":0,"8":0,"9":0,"10":0,"11":0,"12":0,"13":0,"14":0,"15":0,"16":0,"17":0,"18":0,"19":0,"20":0,"21":0,"22":0,"23":0,"24":0,"25":4,"26":0,"27":0,"28":0,"29":0,"30":0,"31":0,"32":0,"33":0,"34":0,"35":0,"36":0,"37":0,"38":0,"39":4,"40":0,"41":0,"42":0,"43":0,"44":0,"45":0,"46":0,"47":0,"48":0,"49":0,"50":4,"51":0,"52":0,"53":0,"54":0,"55":0,"56":0,"57":0,"58":0,"59":0,"60":0,"61":0},"f":{"0":0,"1":0,"2":0,"3":0},"b":{"0":[0,0],"1":[0,0],"2":[0,0],"3":[0,0],"4":[0,0],"5":[0,0],"6":[0,0],"7":[0,0],"8":[0,0]},"_coverageSchema":"1a1c01bbd47fc00a2c39e90264f33305004495a9","hash":"eb01b9ec4307983cd325dc9b7adbfa048c8511b2"}
,"C:\\fitr-506\\backend\\controllers\\auth.controller.js": {"path":"C:\\fitr-506\\backend\\controllers\\auth.controller.js","statementMap":{"0":{"start":{"line":1,"column":17},"end":{"line":1,"column":36}},"1":{"start":{"line":2,"column":12},"end":{"line":2,"column":35}},"2":{"start":{"line":3,"column":15},"end":{"line":3,"column":32}},"3":{"start":{"line":5,"column":11},"end":{"line":5,"column":31}},"4":{"start":{"line":6,"column":13},"end":{"line":6,"column":20}},"5":{"start":{"line":8,"column":0},"end":{"line":27,"column":1}},"6":{"start":{"line":9,"column":4},"end":{"line":9,"column":21}},"7":{"start":{"line":10,"column":4},"end":{"line":26,"column":5}},"8":{"start":{"line":11,"column":8},"end":{"line":22,"column":20}},"9":{"start":{"line":12,"column":12},"end":{"line":21,"column":13}},"10":{"start":{"line":13,"column":16},"end":{"line":13,"column":33}},"11":{"start":{"line":14,"column":16},"end":{"line":14,"column":59}},"12":{"start":{"line":16,"column":16},"end":{"line":20,"column":17}},"13":{"start":{"line":17,"column":20},"end":{"line":17,"column":66}},"14":{"start":{"line":19,"column":20},"end":{"line":19,"column":54}},"15":{"start":{"line":24,"column":8},"end":{"line":24,"column":25}},"16":{"start":{"line":25,"column":8},"end":{"line":25,"column":50}},"17":{"start":{"line":29,"column":0},"end":{"line":54,"column":1}},"18":{"start":{"line":30,"column":4},"end":{"line":53,"column":5}},"19":{"start":{"line":31,"column":8},"end":{"line":49,"column":20}},"20":{"start":{"line":32,"column":12},"end":{"line":48,"column":13}},"21":{"start":{"line":33,"column":16},"end":{"line":33,"column":33}},"22":{"start":{"line":34,"column":16},"end":{"line":34,"column":59}},"23":{"start":{"line":36,"column":16},"end":{"line":47,"column":17}},"24":{"start":{"line":37,"column":20},"end":{"line":37,"column":66}},"25":{"start":{"line":39,"column":20},"end":{"line":46,"column":22}},"26":{"start":{"line":40,"column":38},"end":{"line":40,"column":91}},"27":{"start":{"line":41,"column":24},"end":{"line":45,"column":26}},"28":{"start":{"line":51,"column":8},"end":{"line":51,"column":25}},"29":{"start":{"line":52,"column":8},"end":{"line":52,"column":51}},"30":{"start":{"line":56,"column":0},"end":{"line":70,"column":1}},"31":{"start":{"line":57,"column":4},"end":{"line":69,"column":5}},"32":{"start":{"line":58,"column":8},"end":{"line":65,"column":20}},"33":{"start":{"line":59,"column":12},"end":{"line":64,"column":13}},"34":{"start":{"line":60,"column":16},"end":{"line":60,"column":33}},"35":{"start":{"line":61,"column":16},"end":{"line":61,"column":59}},"36":{"start":{"line":63,"column":16},"end":{"line":63,"column":38}},"37":{"start":{"line":67,"column":8},"end":{"line":67,"column":24}},"38":{"start":{"line":68,"column":8},"end":{"line":68,"column":51}},"39":{"start":{"line":72,"column":0},"end":{"line":74,"column":1}},"40":{"start":{"line":73,"column":4},"end":{"line":73,"column":62}},"41":{"start":{"line":76,"column":0},"end":{"line":99,"column":1}},"42":{"start":{"line":77,"column":4},"end":{"line":98,"column":5}},"43":{"start":{"line":78,"column":19},"end":{"line":78,"column":68}},"44":{"start":{"line":79,"column":8},"end":{"line":81,"column":9}},"45":{"start":{"line":80,"column":12},"end":{"line":80,"column":64}},"46":{"start":{"line":82,"column":31},"end":{"line":82,"column":44}},"47":{"start":{"line":83,"column":24},"end":{"line":83,"column":79}},"48":{"start":{"line":84,"column":8},"end":{"line":94,"column":9}},"49":{"start":{"line":85,"column":12},"end":{"line":85,"column":71}},"50":{"start":{"line":87,"column":27},"end":{"line":87,"column":78}},"51":{"start":{"line":88,"column":12},"end":{"line":93,"column":13}},"52":{"start":{"line":89,"column":16},"end":{"line":89,"column":98}},"53":{"start":{"line":91,"column":16},"end":{"line":91,"column":38}},"54":{"start":{"line":92,"column":16},"end":{"line":92,"column":84}},"55":{"start":{"line":96,"column":8},"end":{"line":96,"column":25}},"56":{"start":{"line":97,"column":8},"end":{"line":97,"column":51}}},"fnMap":{"0":{"name":"(anonymous_0)","decl":{"start":{"line":8,"column":17},"end":{"line":8,"column":18}},"loc":{"start":{"line":8,"column":37},"end":{"line":27,"column":1}},"line":8},"1":{"name":"(anonymous_1)","decl":{"start":{"line":11,"column":40},"end":{"line":11,"column":41}},"loc":{"start":{"line":11,"column":61},"end":{"line":22,"column":9}},"line":11},"2":{"name":"(anonymous_2)","decl":{"start":{"line":29,"column":17},"end":{"line":29,"column":18}},"loc":{"start":{"line":29,"column":37},"end":{"line":54,"column":1}},"line":29},"3":{"name":"(anonymous_3)","decl":{"start":{"line":31,"column":40},"end":{"line":31,"column":41}},"loc":{"start":{"line":31,"column":67},"end":{"line":49,"column":9}},"line":31},"4":{"name":"(anonymous_4)","decl":{"start":{"line":39,"column":36},"end":{"line":39,"column":37}},"loc":{"start":{"line":39,"column":45},"end":{"line":46,"column":21}},"line":39},"5":{"name":"(anonymous_5)","decl":{"start":{"line":56,"column":21},"end":{"line":56,"column":22}},"loc":{"start":{"line":56,"column":41},"end":{"line":70,"column":1}},"line":56},"6":{"name":"(anonymous_6)","decl":{"start":{"line":58,"column":61},"end":{"line":58,"column":62}},"loc":{"start":{"line":58,"column":82},"end":{"line":65,"column":9}},"line":58},"7":{"name":"(anonymous_7)","decl":{"start":{"line":72,"column":25},"end":{"line":72,"column":26}},"loc":{"start":{"line":72,"column":45},"end":{"line":74,"column":1}},"line":72},"8":{"name":"(anonymous_8)","decl":{"start":{"line":76,"column":24},"end":{"line":76,"column":25}},"loc":{"start":{"line":76,"column":44},"end":{"line":99,"column":1}},"line":76}},"branchMap":{"0":{"loc":{"start":{"line":12,"column":12},"end":{"line":21,"column":13}},"type":"if","locations":[{"start":{"line":12,"column":12},"end":{"line":21,"column":13}},{"start":{"line":15,"column":19},"end":{"line":21,"column":13}}],"line":12},"1":{"loc":{"start":{"line":16,"column":16},"end":{"line":20,"column":17}},"type":"if","locations":[{"start":{"line":16,"column":16},"end":{"line":20,"column":17}},{"start":{"line":18,"column":23},"end":{"line":20,"column":17}}],"line":16},"2":{"loc":{"start":{"line":32,"column":12},"end":{"line":48,"column":13}},"type":"if","locations":[{"start":{"line":32,"column":12},"end":{"line":48,"column":13}},{"start":{"line":35,"column":19},"end":{"line":48,"column":13}}],"line":32},"3":{"loc":{"start":{"line":36,"column":16},"end":{"line":47,"column":17}},"type":"if","locations":[{"start":{"line":36,"column":16},"end":{"line":47,"column":17}},{"start":{"line":38,"column":23},"end":{"line":47,"column":17}}],"line":36},"4":{"loc":{"start":{"line":59,"column":12},"end":{"line":64,"column":13}},"type":"if","locations":[{"start":{"line":59,"column":12},"end":{"line":64,"column":13}},{"start":{"line":62,"column":19},"end":{"line":64,"column":13}}],"line":59},"5":{"loc":{"start":{"line":79,"column":8},"end":{"line":81,"column":9}},"type":"if","locations":[{"start":{"line":79,"column":8},"end":{"line":81,"column":9}},{"start":{},"end":{}}],"line":79},"6":{"loc":{"start":{"line":84,"column":8},"end":{"line":94,"column":9}},"type":"if","locations":[{"start":{"line":84,"column":8},"end":{"line":94,"column":9}},{"start":{"line":86,"column":15},"end":{"line":94,"column":9}}],"line":84},"7":{"loc":{"start":{"line":88,"column":12},"end":{"line":93,"column":13}},"type":"if","locations":[{"start":{"line":88,"column":12},"end":{"line":93,"column":13}},{"start":{"line":90,"column":19},"end":{"line":93,"column":13}}],"line":88}},"s":{"0":4,"1":4,"2":4,"3":4,"4":4,"5":4,"6":2,"7":2,"8":2,"9":2,"10":0,"11":0,"12":2,"13":0,"14":2,"15":0,"16":0,"17":4,"18":1,"19":1,"20":1,"21":0,"22":0,"23":1,"24":1,"25":0,"26":0,"27":0,"28":0,"29":0,"30":4,"31":0,"32":0,"33":0,"34":0,"35":0,"36":0,"37":0,"38":0,"39":4,"40":0,"41":4,"42":2,"43":2,"44":2,"45":0,"46":2,"47":2,"48":2,"49":0,"50":2,"51":2,"52":2,"53":0,"54":0,"55":0,"56":0},"f":{"0":2,"1":2,"2":1,"3":1,"4":0,"5":0,"6":0,"7":0,"8":2},"b":{"0":[0,2],"1":[0,2],"2":[0,1],"3":[1,0],"4":[0,0],"5":[0,2],"6":[0,2],"7":[2,0]},"_coverageSchema":"1a1c01bbd47fc00a2c39e90264f33305004495a9","hash":"27d9bd2c47d239961dd360021224f26121295f6c"}
,"C:\\fitr-506\\backend\\controllers\\forgotPassword.controller.js": {"path":"C:\\fitr-506\\backend\\controllers\\forgotPassword.controller.js","statementMap":{"0":{"start":{"line":1,"column":15},"end":{"line":1,"column":32}},"1":{"start":{"line":2,"column":15},"end":{"line":2,"column":32}},"2":{"start":{"line":3,"column":26},"end":{"line":3,"column":54}},"3":{"start":{"line":4,"column":18},"end":{"line":4,"column":47}},"4":{"start":{"line":6,"column":20},"end":{"line":6,"column":53}},"5":{"start":{"line":7,"column":11},"end":{"line":7,"column":31}},"6":{"start":{"line":8,"column":14},"end":{"line":8,"column":46}},"7":{"start":{"line":9,"column":13},"end":{"line":9,"column":20}},"8":{"start":{"line":11,"column":0},"end":{"line":50,"column":1}},"9":{"start":{"line":12,"column":4},"end":{"line":49,"column":5}},"10":{"start":{"line":13,"column":8},"end":{"line":15,"column":9}},"11":{"start":{"line":14,"column":12},"end":{"line":14,"column":66}},"12":{"start":{"line":16,"column":20},"end":{"line":16,"column":69}},"13":{"start":{"line":17,"column":8},"end":{"line":45,"column":9}},"14":{"start":{"line":18,"column":12},"end":{"line":18,"column":64}},"15":{"start":{"line":21,"column":27},"end":{"line":21,"column":67}},"16":{"start":{"line":22,"column":12},"end":{"line":27,"column":13}},"17":{"start":{"line":23,"column":16},"end":{"line":26,"column":26}},"18":{"start":{"line":29,"column":33},"end":{"line":32,"column":14}},"19":{"start":{"line":33,"column":12},"end":{"line":33,"column":63}},"20":{"start":{"line":34,"column":12},"end":{"line":34,"column":29}},"21":{"start":{"line":35,"column":12},"end":{"line":35,"column":37}},"22":{"start":{"line":36,"column":28},"end":{"line":36,"column":78}},"23":{"start":{"line":37,"column":26},"end":{"line":37,"column":35}},"24":{"start":{"line":38,"column":12},"end":{"line":38,"column":34}},"25":{"start":{"line":39,"column":12},"end":{"line":44,"column":13}},"26":{"start":{"line":40,"column":16},"end":{"line":40,"column":72}},"27":{"start":{"line":42,"column":16},"end":{"line":42,"column":70}},"28":{"start":{"line":43,"column":16},"end":{"line":43,"column":122}},"29":{"start":{"line":47,"column":8},"end":{"line":47,"column":25}},"30":{"start":{"line":48,"column":8},"end":{"line":48,"column":50}},"31":{"start":{"line":53,"column":0},"end":{"line":71,"column":1}},"32":{"start":{"line":54,"column":4},"end":{"line":70,"column":5}},"33":{"start":{"line":55,"column":8},"end":{"line":57,"column":9}},"34":{"start":{"line":56,"column":12},"end":{"line":56,"column":66}},"35":{"start":{"line":58,"column":20},"end":{"line":58,"column":56}},"36":{"start":{"line":59,"column":8},"end":{"line":61,"column":9}},"37":{"start":{"line":60,"column":12},"end":{"line":60,"column":86}},"38":{"start":{"line":62,"column":25},"end":{"line":62,"column":42}},"39":{"start":{"line":63,"column":34},"end":{"line":63,"column":65}},"40":{"start":{"line":64,"column":8},"end":{"line":64,"column":41}},"41":{"start":{"line":65,"column":8},"end":{"line":65,"column":25}},"42":{"start":{"line":66,"column":8},"end":{"line":66,"column":59}},"43":{"start":{"line":68,"column":8},"end":{"line":68,"column":25}},"44":{"start":{"line":69,"column":8},"end":{"line":69,"column":73}},"45":{"start":{"line":73,"column":0},"end":{"line":101,"column":1}},"46":{"start":{"line":74,"column":4},"end":{"line":99,"column":5}},"47":{"start":{"line":75,"column":8},"end":{"line":77,"column":9}},"48":{"start":{"line":76,"column":12},"end":{"line":76,"column":66}},"49":{"start":{"line":78,"column":20},"end":{"line":78,"column":56}},"50":{"start":{"line":79,"column":8},"end":{"line":81,"column":9}},"51":{"start":{"line":80,"column":12},"end":{"line":80,"column":86}},"52":{"start":{"line":82,"column":22},"end":{"line":85,"column":10}},"53":{"start":{"line":86,"column":8},"end":{"line":88,"column":9}},"54":{"start":{"line":87,"column":12},"end":{"line":87,"column":92}},"55":{"start":{"line":89,"column":25},"end":{"line":89,"column":42}},"56":{"start":{"line":90,"column":34},"end":{"line":90,"column":65}},"57":{"start":{"line":91,"column":8},"end":{"line":91,"column":41}},"58":{"start":{"line":92,"column":8},"end":{"line":92,"column":25}},"59":{"start":{"line":93,"column":8},"end":{"line":93,"column":29}},"60":{"start":{"line":95,"column":8},"end":{"line":95,"column":59}},"61":{"start":{"line":97,"column":8},"end":{"line":97,"column":25}},"62":{"start":{"line":98,"column":8},"end":{"line":98,"column":73}}},"fnMap":{"0":{"name":"(anonymous_0)","decl":{"start":{"line":11,"column":25},"end":{"line":11,"column":26}},"loc":{"start":{"line":11,"column":45},"end":{"line":50,"column":1}},"line":11},"1":{"name":"(anonymous_1)","decl":{"start":{"line":53,"column":28},"end":{"line":53,"column":29}},"loc":{"start":{"line":53,"column":48},"end":{"line":71,"column":1}},"line":53},"2":{"name":"(anonymous_2)","decl":{"start":{"line":73,"column":24},"end":{"line":73,"column":25}},"loc":{"start":{"line":73,"column":44},"end":{"line":101,"column":1}},"line":73}},"branchMap":{"0":{"loc":{"start":{"line":13,"column":8},"end":{"line":15,"column":9}},"type":"if","locations":[{"start":{"line":13,"column":8},"end":{"line":15,"column":9}},{"start":{},"end":{}}],"line":13},"1":{"loc":{"start":{"line":17,"column":8},"end":{"line":45,"column":9}},"type":"if","locations":[{"start":{"line":17,"column":8},"end":{"line":45,"column":9}},{"start":{"line":19,"column":15},"end":{"line":45,"column":9}}],"line":17},"2":{"loc":{"start":{"line":22,"column":12},"end":{"line":27,"column":13}},"type":"if","locations":[{"start":{"line":22,"column":12},"end":{"line":27,"column":13}},{"start":{},"end":{}}],"line":22},"3":{"loc":{"start":{"line":39,"column":12},"end":{"line":44,"column":13}},"type":"if","locations":[{"start":{"line":39,"column":12},"end":{"line":44,"column":13}},{"start":{"line":41,"column":19},"end":{"line":44,"column":13}}],"line":39},"4":{"loc":{"start":{"line":55,"column":8},"end":{"line":57,"column":9}},"type":"if","locations":[{"start":{"line":55,"column":8},"end":{"line":57,"column":9}},{"start":{},"end":{}}],"line":55},"5":{"loc":{"start":{"line":59,"column":8},"end":{"line":61,"column":9}},"type":"if","locations":[{"start":{"line":59,"column":8},"end":{"line":61,"column":9}},{"start":{},"end":{}}],"line":59},"6":{"loc":{"start":{"line":75,"column":8},"end":{"line":77,"column":9}},"type":"if","locations":[{"start":{"line":75,"column":8},"end":{"line":77,"column":9}},{"start":{},"end":{}}],"line":75},"7":{"loc":{"start":{"line":79,"column":8},"end":{"line":81,"column":9}},"type":"if","locations":[{"start":{"line":79,"column":8},"end":{"line":81,"column":9}},{"start":{},"end":{}}],"line":79},"8":{"loc":{"start":{"line":86,"column":8},"end":{"line":88,"column":9}},"type":"if","locations":[{"start":{"line":86,"column":8},"end":{"line":88,"column":9}},{"start":{},"end":{}}],"line":86}},"s":{"0":4,"1":4,"2":4,"3":4,"4":4,"5":4,"6":4,"7":4,"8":4,"9":0,"10":0,"11":0,"12":0,"13":0,"14":0,"15":0,"16":0,"17":0,"18":0,"19":0,"20":0,"21":0,"22":0,"23":0,"24":0,"25":0,"26":0,"27":0,"28":0,"29":0,"30":0,"31":4,"32":0,"33":0,"34":0,"35":0,"36":0,"37":0,"38":0,"39":0,"40":0,"41":0,"42":0,"43":0,"44":0,"45":4,"46":0,"47":0,"48":0,"49":0,"50":0,"51":0,"52":0,"53":0,"54":0,"55":0,"56":0,"57":0,"58":0,"59":0,"60":0,"61":0,"62":0},"f":{"0":0,"1":0,"2":0},"b":{"0":[0,0],"1":[0,0],"2":[0,0],"3":[0,0],"4":[0,0],"5":[0,0],"6":[0,0],"7":[0,0],"8":[0,0]},"_coverageSchema":"1a1c01bbd47fc00a2c39e90264f33305004495a9","hash":"850e1a341fe58deb41a0188bb5a923d7f683c862"}
,"C:\\fitr-506\\backend\\controllers\\user.controller.js": {"path":"C:\\fitr-506\\backend\\controllers\\user.controller.js","statementMap":{"0":{"start":{"line":1,"column":11},"end":{"line":1,"column":31}},"1":{"start":{"line":2,"column":13},"end":{"line":2,"column":20}},"2":{"start":{"line":3,"column":16},"end":{"line":3,"column":26}},"3":{"start":{"line":4,"column":20},"end":{"line":4,"column":34}},"4":{"start":{"line":7,"column":0},"end":{"line":30,"column":1}},"5":{"start":{"line":8,"column":2},"end":{"line":10,"column":3}},"6":{"start":{"line":9,"column":4},"end":{"line":9,"column":33}},"7":{"start":{"line":12,"column":2},"end":{"line":29,"column":3}},"8":{"start":{"line":13,"column":19},"end":{"line":13,"column":36}},"9":{"start":{"line":14,"column":18},"end":{"line":14,"column":29}},"10":{"start":{"line":15,"column":17},"end":{"line":21,"column":5}},"11":{"start":{"line":22,"column":17},"end":{"line":22,"column":83}},"12":{"start":{"line":23,"column":4},"end":{"line":23,"column":24}},"13":{"start":{"line":24,"column":4},"end":{"line":24,"column":47}},"14":{"start":{"line":27,"column":4},"end":{"line":27,"column":21}},"15":{"start":{"line":28,"column":4},"end":{"line":28,"column":78}},"16":{"start":{"line":32,"column":0},"end":{"line":49,"column":1}},"17":{"start":{"line":33,"column":2},"end":{"line":35,"column":3}},"18":{"start":{"line":34,"column":4},"end":{"line":34,"column":61}},"19":{"start":{"line":37,"column":2},"end":{"line":48,"column":3}},"20":{"start":{"line":38,"column":18},"end":{"line":38,"column":34}},"21":{"start":{"line":39,"column":17},"end":{"line":39,"column":51}},"22":{"start":{"line":40,"column":4},"end":{"line":42,"column":5}},"23":{"start":{"line":41,"column":6},"end":{"line":41,"column":55}},"24":{"start":{"line":43,"column":4},"end":{"line":43,"column":24}},"25":{"start":{"line":44,"column":4},"end":{"line":44,"column":28}},"26":{"start":{"line":46,"column":4},"end":{"line":46,"column":21}},"27":{"start":{"line":47,"column":4},"end":{"line":47,"column":78}},"28":{"start":{"line":51,"column":0},"end":{"line":60,"column":1}},"29":{"start":{"line":52,"column":2},"end":{"line":59,"column":3}},"30":{"start":{"line":53,"column":17},"end":{"line":53,"column":36}},"31":{"start":{"line":54,"column":4},"end":{"line":54,"column":24}},"32":{"start":{"line":55,"column":4},"end":{"line":55,"column":28}},"33":{"start":{"line":57,"column":4},"end":{"line":57,"column":21}},"34":{"start":{"line":58,"column":4},"end":{"line":58,"column":78}},"35":{"start":{"line":62,"column":0},"end":{"line":81,"column":1}},"36":{"start":{"line":63,"column":4},"end":{"line":65,"column":5}},"37":{"start":{"line":64,"column":6},"end":{"line":64,"column":33}},"38":{"start":{"line":67,"column":4},"end":{"line":80,"column":5}},"39":{"start":{"line":68,"column":20},"end":{"line":68,"column":36}},"40":{"start":{"line":69,"column":20},"end":{"line":69,"column":31}},"41":{"start":{"line":70,"column":19},"end":{"line":72,"column":7}},"42":{"start":{"line":73,"column":19},"end":{"line":73,"column":79}},"43":{"start":{"line":74,"column":6},"end":{"line":74,"column":26}},"44":{"start":{"line":75,"column":6},"end":{"line":75,"column":53}},"45":{"start":{"line":78,"column":6},"end":{"line":78,"column":23}},"46":{"start":{"line":79,"column":6},"end":{"line":79,"column":80}},"47":{"start":{"line":83,"column":0},"end":{"line":99,"column":1}},"48":{"start":{"line":84,"column":2},"end":{"line":86,"column":3}},"49":{"start":{"line":85,"column":4},"end":{"line":85,"column":33}},"50":{"start":{"line":88,"column":2},"end":{"line":98,"column":3}},"51":{"start":{"line":89,"column":22},"end":{"line":89,"column":42}},"52":{"start":{"line":90,"column":18},"end":{"line":90,"column":29}},"53":{"start":{"line":91,"column":17},"end":{"line":91,"column":103}},"54":{"start":{"line":92,"column":4},"end":{"line":92,"column":24}},"55":{"start":{"line":93,"column":4},"end":{"line":93,"column":56}},"56":{"start":{"line":96,"column":4},"end":{"line":96,"column":21}},"57":{"start":{"line":97,"column":4},"end":{"line":97,"column":78}},"58":{"start":{"line":101,"column":0},"end":{"line":114,"column":1}},"59":{"start":{"line":102,"column":2},"end":{"line":104,"column":3}},"60":{"start":{"line":103,"column":4},"end":{"line":103,"column":63}},"61":{"start":{"line":106,"column":2},"end":{"line":113,"column":3}},"62":{"start":{"line":107,"column":17},"end":{"line":107,"column":68}},"63":{"start":{"line":108,"column":4},"end":{"line":108,"column":23}},"64":{"start":{"line":109,"column":4},"end":{"line":109,"column":28}},"65":{"start":{"line":111,"column":4},"end":{"line":111,"column":20}},"66":{"start":{"line":112,"column":4},"end":{"line":112,"column":40}},"67":{"start":{"line":117,"column":0},"end":{"line":130,"column":1}},"68":{"start":{"line":118,"column":2},"end":{"line":120,"column":3}},"69":{"start":{"line":119,"column":4},"end":{"line":119,"column":63}},"70":{"start":{"line":122,"column":2},"end":{"line":129,"column":3}},"71":{"start":{"line":123,"column":17},"end":{"line":123,"column":60}},"72":{"start":{"line":124,"column":4},"end":{"line":124,"column":23}},"73":{"start":{"line":125,"column":4},"end":{"line":125,"column":44}},"74":{"start":{"line":127,"column":4},"end":{"line":127,"column":20}},"75":{"start":{"line":128,"column":4},"end":{"line":128,"column":40}},"76":{"start":{"line":132,"column":0},"end":{"line":149,"column":1}},"77":{"start":{"line":133,"column":2},"end":{"line":135,"column":3}},"78":{"start":{"line":134,"column":4},"end":{"line":134,"column":63}},"79":{"start":{"line":137,"column":2},"end":{"line":148,"column":3}},"80":{"start":{"line":138,"column":17},"end":{"line":138,"column":60}},"81":{"start":{"line":139,"column":19},"end":{"line":139,"column":43}},"82":{"start":{"line":140,"column":24},"end":{"line":140,"column":80}},"83":{"start":{"line":140,"column":52},"end":{"line":140,"column":78}},"84":{"start":{"line":141,"column":4},"end":{"line":141,"column":29}},"85":{"start":{"line":142,"column":4},"end":{"line":142,"column":43}},"86":{"start":{"line":143,"column":4},"end":{"line":143,"column":24}},"87":{"start":{"line":144,"column":4},"end":{"line":144,"column":46}},"88":{"start":{"line":146,"column":4},"end":{"line":146,"column":20}},"89":{"start":{"line":147,"column":4},"end":{"line":147,"column":40}},"90":{"start":{"line":151,"column":0},"end":{"line":185,"column":1}},"91":{"start":{"line":152,"column":2},"end":{"line":154,"column":3}},"92":{"start":{"line":153,"column":4},"end":{"line":153,"column":77}},"93":{"start":{"line":156,"column":2},"end":{"line":184,"column":3}},"94":{"start":{"line":157,"column":23},"end":{"line":157,"column":66}},"95":{"start":{"line":158,"column":26},"end":{"line":158,"column":75}},"96":{"start":{"line":159,"column":4},"end":{"line":159,"column":33}},"97":{"start":{"line":160,"column":27},"end":{"line":160,"column":79}},"98":{"start":{"line":161,"column":26},"end":{"line":161,"column":81}},"99":{"start":{"line":163,"column":24},"end":{"line":165,"column":5}},"100":{"start":{"line":166,"column":21},"end":{"line":168,"column":5}},"101":{"start":{"line":169,"column":18},"end":{"line":169,"column":29}},"102":{"start":{"line":171,"column":20},"end":{"line":171,"column":93}},"103":{"start":{"line":172,"column":23},"end":{"line":172,"column":105}},"104":{"start":{"line":173,"column":4},"end":{"line":180,"column":5}},"105":{"start":{"line":174,"column":8},"end":{"line":174,"column":55}},"106":{"start":{"line":176,"column":9},"end":{"line":180,"column":5}},"107":{"start":{"line":177,"column":8},"end":{"line":177,"column":58}},"108":{"start":{"line":179,"column":8},"end":{"line":179,"column":67}},"109":{"start":{"line":182,"column":4},"end":{"line":182,"column":20}},"110":{"start":{"line":183,"column":4},"end":{"line":183,"column":40}}},"fnMap":{"0":{"name":"(anonymous_0)","decl":{"start":{"line":7,"column":19},"end":{"line":7,"column":20}},"loc":{"start":{"line":7,"column":39},"end":{"line":30,"column":1}},"line":7},"1":{"name":"(anonymous_1)","decl":{"start":{"line":32,"column":18},"end":{"line":32,"column":19}},"loc":{"start":{"line":32,"column":38},"end":{"line":49,"column":1}},"line":32},"2":{"name":"(anonymous_2)","decl":{"start":{"line":51,"column":19},"end":{"line":51,"column":20}},"loc":{"start":{"line":51,"column":39},"end":{"line":60,"column":1}},"line":51},"3":{"name":"(anonymous_3)","decl":{"start":{"line":62,"column":25},"end":{"line":62,"column":26}},"loc":{"start":{"line":62,"column":45},"end":{"line":81,"column":1}},"line":62},"4":{"name":"(anonymous_4)","decl":{"start":{"line":83,"column":28},"end":{"line":83,"column":29}},"loc":{"start":{"line":83,"column":48},"end":{"line":99,"column":1}},"line":83},"5":{"name":"(anonymous_5)","decl":{"start":{"line":101,"column":22},"end":{"line":101,"column":23}},"loc":{"start":{"line":101,"column":42},"end":{"line":114,"column":1}},"line":101},"6":{"name":"(anonymous_6)","decl":{"start":{"line":117,"column":29},"end":{"line":117,"column":30}},"loc":{"start":{"line":117,"column":49},"end":{"line":130,"column":1}},"line":117},"7":{"name":"(anonymous_7)","decl":{"start":{"line":132,"column":31},"end":{"line":132,"column":32}},"loc":{"start":{"line":132,"column":51},"end":{"line":149,"column":1}},"line":132},"8":{"name":"(anonymous_8)","decl":{"start":{"line":140,"column":40},"end":{"line":140,"column":41}},"loc":{"start":{"line":140,"column":52},"end":{"line":140,"column":78}},"line":140},"9":{"name":"(anonymous_9)","decl":{"start":{"line":151,"column":22},"end":{"line":151,"column":23}},"loc":{"start":{"line":151,"column":42},"end":{"line":185,"column":1}},"line":151}},"branchMap":{"0":{"loc":{"start":{"line":8,"column":2},"end":{"line":10,"column":3}},"type":"if","locations":[{"start":{"line":8,"column":2},"end":{"line":10,"column":3}},{"start":{},"end":{}}],"line":8},"1":{"loc":{"start":{"line":33,"column":2},"end":{"line":35,"column":3}},"type":"if","locations":[{"start":{"line":33,"column":2},"end":{"line":35,"column":3}},{"start":{},"end":{}}],"line":33},"2":{"loc":{"start":{"line":40,"column":4},"end":{"line":42,"column":5}},"type":"if","locations":[{"start":{"line":40,"column":4},"end":{"line":42,"column":5}},{"start":{},"end":{}}],"line":40},"3":{"loc":{"start":{"line":63,"column":4},"end":{"line":65,"column":5}},"type":"if","locations":[{"start":{"line":63,"column":4},"end":{"line":65,"column":5}},{"start":{},"end":{}}],"line":63},"4":{"loc":{"start":{"line":84,"column":2},"end":{"line":86,"column":3}},"type":"if","locations":[{"start":{"line":84,"column":2},"end":{"line":86,"column":3}},{"start":{},"end":{}}],"line":84},"5":{"loc":{"start":{"line":102,"column":2},"end":{"line":104,"column":3}},"type":"if","locations":[{"start":{"line":102,"column":2},"end":{"line":104,"column":3}},{"start":{},"end":{}}],"line":102},"6":{"loc":{"start":{"line":118,"column":2},"end":{"line":120,"column":3}},"type":"if","locations":[{"start":{"line":118,"column":2},"end":{"line":120,"column":3}},{"start":{},"end":{}}],"line":118},"7":{"loc":{"start":{"line":133,"column":2},"end":{"line":135,"column":3}},"type":"if","locations":[{"start":{"line":133,"column":2},"end":{"line":135,"column":3}},{"start":{},"end":{}}],"line":133},"8":{"loc":{"start":{"line":152,"column":2},"end":{"line":154,"column":3}},"type":"if","locations":[{"start":{"line":152,"column":2},"end":{"line":154,"column":3}},{"start":{},"end":{}}],"line":152},"9":{"loc":{"start":{"line":152,"column":6},"end":{"line":152,"column":47}},"type":"binary-expr","locations":[{"start":{"line":152,"column":6},"end":{"line":152,"column":23}},{"start":{"line":152,"column":27},"end":{"line":152,"column":47}}],"line":152},"10":{"loc":{"start":{"line":173,"column":4},"end":{"line":180,"column":5}},"type":"if","locations":[{"start":{"line":173,"column":4},"end":{"line":180,"column":5}},{"start":{"line":176,"column":9},"end":{"line":180,"column":5}}],"line":173},"11":{"loc":{"start":{"line":176,"column":9},"end":{"line":180,"column":5}},"type":"if","locations":[{"start":{"line":176,"column":9},"end":{"line":180,"column":5}},{"start":{"line":178,"column":11},"end":{"line":180,"column":5}}],"line":176}},"s":{"0":4,"1":4,"2":4,"3":4,"4":4,"5":1,"6":0,"7":1,"8":1,"9":1,"10":1,"11":1,"12":1,"13":1,"14":0,"15":0,"16":4,"17":1,"18":0,"19":1,"20":1,"21":1,"22":1,"23":0,"24":1,"25":1,"26":0,"27":0,"28":4,"29":1,"30":1,"31":1,"32":1,"33":0,"34":0,"35":4,"36":0,"37":0,"38":0,"39":0,"40":0,"41":0,"42":0,"43":0,"44":0,"45":0,"46":0,"47":4,"48":1,"49":0,"50":1,"51":1,"52":1,"53":1,"54":0,"55":0,"56":1,"57":1,"58":4,"59":0,"60":0,"61":0,"62":0,"63":0,"64":0,"65":0,"66":0,"67":4,"68":0,"69":0,"70":0,"71":0,"72":0,"73":0,"74":0,"75":0,"76":4,"77":0,"78":0,"79":0,"80":0,"81":0,"82":0,"83":0,"84":0,"85":0,"86":0,"87":0,"88":0,"89":0,"90":4,"91":1,"92":0,"93":1,"94":1,"95":1,"96":1,"97":1,"98":1,"99":1,"100":1,"101":1,"102":1,"103":1,"104":1,"105":0,"106":1,"107":0,"108":1,"109":0,"110":0},"f":{"0":1,"1":1,"2":1,"3":0,"4":1,"5":0,"6":0,"7":0,"8":0,"9":1},"b":{"0":[0,1],"1":[0,1],"2":[0,1],"3":[0,0],"4":[0,1],"5":[0,0],"6":[0,0],"7":[0,0],"8":[0,1],"9":[1,1],"10":[0,1],"11":[0,1]},"_coverageSchema":"1a1c01bbd47fc00a2c39e90264f33305004495a9","hash":"20c68d7254665ae7127def7c4c49435ca758a199"}
,"C:\\fitr-506\\backend\\controllers\\userWorkout.controller.js": {"path":"C:\\fitr-506\\backend\\controllers\\userWorkout.controller.js","statementMap":{"0":{"start":{"line":1,"column":11},"end":{"line":1,"column":31}},"1":{"start":{"line":2,"column":20},"end":{"line":2,"column":34}},"2":{"start":{"line":4,"column":0},"end":{"line":20,"column":1}},"3":{"start":{"line":5,"column":2},"end":{"line":7,"column":3}},"4":{"start":{"line":6,"column":4},"end":{"line":6,"column":60}},"5":{"start":{"line":8,"column":2},"end":{"line":19,"column":3}},"6":{"start":{"line":9,"column":21},"end":{"line":9,"column":40}},"7":{"start":{"line":10,"column":17},"end":{"line":10,"column":68}},"8":{"start":{"line":11,"column":4},"end":{"line":13,"column":5}},"9":{"start":{"line":12,"column":6},"end":{"line":12,"column":57}},"10":{"start":{"line":14,"column":4},"end":{"line":14,"column":23}},"11":{"start":{"line":15,"column":4},"end":{"line":15,"column":36}},"12":{"start":{"line":17,"column":4},"end":{"line":17,"column":21}},"13":{"start":{"line":18,"column":4},"end":{"line":18,"column":78}},"14":{"start":{"line":22,"column":0},"end":{"line":24,"column":1}},"15":{"start":{"line":23,"column":4},"end":{"line":23,"column":62}},"16":{"start":{"line":27,"column":0},"end":{"line":40,"column":1}},"17":{"start":{"line":28,"column":4},"end":{"line":39,"column":5}},"18":{"start":{"line":29,"column":24},"end":{"line":32,"column":8}},"19":{"start":{"line":33,"column":6},"end":{"line":33,"column":31}},"20":{"start":{"line":34,"column":6},"end":{"line":34,"column":31}},"21":{"start":{"line":35,"column":6},"end":{"line":35,"column":68}},"22":{"start":{"line":37,"column":6},"end":{"line":37,"column":22}},"23":{"start":{"line":38,"column":6},"end":{"line":38,"column":74}},"24":{"start":{"line":42,"column":0},"end":{"line":59,"column":1}},"25":{"start":{"line":43,"column":2},"end":{"line":45,"column":3}},"26":{"start":{"line":44,"column":4},"end":{"line":44,"column":39}},"27":{"start":{"line":47,"column":2},"end":{"line":58,"column":3}},"28":{"start":{"line":48,"column":25},"end":{"line":48,"column":48}},"29":{"start":{"line":49,"column":17},"end":{"line":49,"column":67}},"30":{"start":{"line":50,"column":4},"end":{"line":52,"column":5}},"31":{"start":{"line":51,"column":6},"end":{"line":51,"column":62}},"32":{"start":{"line":53,"column":4},"end":{"line":53,"column":24}},"33":{"start":{"line":54,"column":4},"end":{"line":54,"column":28}},"34":{"start":{"line":56,"column":4},"end":{"line":56,"column":21}},"35":{"start":{"line":57,"column":4},"end":{"line":57,"column":73}}},"fnMap":{"0":{"name":"(anonymous_0)","decl":{"start":{"line":4,"column":26},"end":{"line":4,"column":27}},"loc":{"start":{"line":4,"column":46},"end":{"line":20,"column":1}},"line":4},"1":{"name":"(anonymous_1)","decl":{"start":{"line":22,"column":26},"end":{"line":22,"column":27}},"loc":{"start":{"line":22,"column":46},"end":{"line":24,"column":1}},"line":22},"2":{"name":"(anonymous_2)","decl":{"start":{"line":27,"column":25},"end":{"line":27,"column":26}},"loc":{"start":{"line":27,"column":45},"end":{"line":40,"column":1}},"line":27},"3":{"name":"(anonymous_3)","decl":{"start":{"line":42,"column":28},"end":{"line":42,"column":29}},"loc":{"start":{"line":42,"column":48},"end":{"line":59,"column":1}},"line":42}},"branchMap":{"0":{"loc":{"start":{"line":5,"column":2},"end":{"line":7,"column":3}},"type":"if","locations":[{"start":{"line":5,"column":2},"end":{"line":7,"column":3}},{"start":{},"end":{}}],"line":5},"1":{"loc":{"start":{"line":11,"column":4},"end":{"line":13,"column":5}},"type":"if","locations":[{"start":{"line":11,"column":4},"end":{"line":13,"column":5}},{"start":{},"end":{}}],"line":11},"2":{"loc":{"start":{"line":43,"column":2},"end":{"line":45,"column":3}},"type":"if","locations":[{"start":{"line":43,"column":2},"end":{"line":45,"column":3}},{"start":{},"end":{}}],"line":43},"3":{"loc":{"start":{"line":50,"column":4},"end":{"line":52,"column":5}},"type":"if","locations":[{"start":{"line":50,"column":4},"end":{"line":52,"column":5}},{"start":{},"end":{}}],"line":50}},"s":{"0":4,"1":4,"2":4,"3":0,"4":0,"5":0,"6":0,"7":0,"8":0,"9":0,"10":0,"11":0,"12":0,"13":0,"14":4,"15":0,"16":4,"17":0,"18":0,"19":0,"20":0,"21":0,"22":0,"23":0,"24":4,"25":0,"26":0,"27":0,"28":0,"29":0,"30":0,"31":0,"32":0,"33":0,"34":0,"35":0},"f":{"0":0,"1":0,"2":0,"3":0},"b":{"0":[0,0],"1":[0,0],"2":[0,0],"3":[0,0]},"_coverageSchema":"1a1c01bbd47fc00a2c39e90264f33305004495a9","hash":"470d77728b44197ec35557b65cc722dffbdd3539"}
,"C:\\fitr-506\\backend\\controllers\\workout.controller.js": {"path":"C:\\fitr-506\\backend\\controllers\\workout.controller.js","statementMap":{"0":{"start":{"line":1,"column":11},"end":{"line":1,"column":31}},"1":{"start":{"line":2,"column":16},"end":{"line":2,"column":26}},"2":{"start":{"line":3,"column":13},"end":{"line":3,"column":20}},"3":{"start":{"line":6,"column":0},"end":{"line":23,"column":1}},"4":{"start":{"line":7,"column":4},"end":{"line":22,"column":5}},"5":{"start":{"line":8,"column":8},"end":{"line":8,"column":56}},"6":{"start":{"line":10,"column":8},"end":{"line":21,"column":9}},"7":{"start":{"line":11,"column":25},"end":{"line":11,"column":67}},"8":{"start":{"line":12,"column":12},"end":{"line":12,"column":30}},"9":{"start":{"line":13,"column":12},"end":{"line":17,"column":13}},"10":{"start":{"line":14,"column":16},"end":{"line":14,"column":77}},"11":{"start":{"line":16,"column":16},"end":{"line":16,"column":39}},"12":{"start":{"line":19,"column":12},"end":{"line":19,"column":29}},"13":{"start":{"line":20,"column":12},"end":{"line":20,"column":54}},"14":{"start":{"line":25,"column":0},"end":{"line":45,"column":1}},"15":{"start":{"line":26,"column":4},"end":{"line":43,"column":5}},"16":{"start":{"line":27,"column":8},"end":{"line":27,"column":56}},"17":{"start":{"line":29,"column":8},"end":{"line":42,"column":9}},"18":{"start":{"line":30,"column":33},"end":{"line":30,"column":48}},"19":{"start":{"line":31,"column":28},"end":{"line":31,"column":39}},"20":{"start":{"line":32,"column":25},"end":{"line":32,"column":98}},"21":{"start":{"line":33,"column":12},"end":{"line":33,"column":30}},"22":{"start":{"line":34,"column":12},"end":{"line":38,"column":13}},"23":{"start":{"line":35,"column":16},"end":{"line":35,"column":77}},"24":{"start":{"line":37,"column":16},"end":{"line":37,"column":39}},"25":{"start":{"line":40,"column":12},"end":{"line":40,"column":29}},"26":{"start":{"line":41,"column":12},"end":{"line":41,"column":55}},"27":{"start":{"line":47,"column":0},"end":{"line":64,"column":1}},"28":{"start":{"line":48,"column":4},"end":{"line":63,"column":5}},"29":{"start":{"line":49,"column":8},"end":{"line":49,"column":56}},"30":{"start":{"line":51,"column":8},"end":{"line":62,"column":9}},"31":{"start":{"line":52,"column":25},"end":{"line":52,"column":68}},"32":{"start":{"line":53,"column":12},"end":{"line":53,"column":30}},"33":{"start":{"line":54,"column":12},"end":{"line":58,"column":13}},"34":{"start":{"line":55,"column":16},"end":{"line":55,"column":82}},"35":{"start":{"line":57,"column":16},"end":{"line":57,"column":72}},"36":{"start":{"line":60,"column":12},"end":{"line":60,"column":29}},"37":{"start":{"line":61,"column":12},"end":{"line":61,"column":54}},"38":{"start":{"line":66,"column":0},"end":{"line":114,"column":1}},"39":{"start":{"line":67,"column":4},"end":{"line":112,"column":5}},"40":{"start":{"line":69,"column":8},"end":{"line":69,"column":65}},"41":{"start":{"line":71,"column":8},"end":{"line":71,"column":29}},"42":{"start":{"line":72,"column":8},"end":{"line":111,"column":9}},"43":{"start":{"line":73,"column":26},"end":{"line":73,"column":49}},"44":{"start":{"line":74,"column":31},"end":{"line":88,"column":13}},"45":{"start":{"line":89,"column":28},"end":{"line":89,"column":64}},"46":{"start":{"line":91,"column":31},"end":{"line":91,"column":77}},"47":{"start":{"line":92,"column":35},"end":{"line":92,"column":77}},"48":{"start":{"line":93,"column":26},"end":{"line":93,"column":37}},"49":{"start":{"line":94,"column":25},"end":{"line":96,"column":13}},"50":{"start":{"line":97,"column":39},"end":{"line":97,"column":111}},"51":{"start":{"line":98,"column":12},"end":{"line":101,"column":13}},"52":{"start":{"line":99,"column":16},"end":{"line":99,"column":63}},"53":{"start":{"line":100,"column":16},"end":{"line":100,"column":93}},"54":{"start":{"line":102,"column":12},"end":{"line":107,"column":13}},"55":{"start":{"line":103,"column":16},"end":{"line":103,"column":47}},"56":{"start":{"line":104,"column":16},"end":{"line":104,"column":86}},"57":{"start":{"line":106,"column":16},"end":{"line":106,"column":67}},"58":{"start":{"line":109,"column":12},"end":{"line":109,"column":29}},"59":{"start":{"line":110,"column":12},"end":{"line":110,"column":54}},"60":{"start":{"line":116,"column":0},"end":{"line":133,"column":1}},"61":{"start":{"line":117,"column":4},"end":{"line":132,"column":5}},"62":{"start":{"line":118,"column":8},"end":{"line":118,"column":56}},"63":{"start":{"line":120,"column":8},"end":{"line":131,"column":9}},"64":{"start":{"line":121,"column":25},"end":{"line":121,"column":86}},"65":{"start":{"line":122,"column":12},"end":{"line":122,"column":30}},"66":{"start":{"line":123,"column":12},"end":{"line":127,"column":13}},"67":{"start":{"line":124,"column":16},"end":{"line":124,"column":77}},"68":{"start":{"line":126,"column":16},"end":{"line":126,"column":39}},"69":{"start":{"line":129,"column":12},"end":{"line":129,"column":29}},"70":{"start":{"line":130,"column":12},"end":{"line":130,"column":54}},"71":{"start":{"line":135,"column":0},"end":{"line":165,"column":1}},"72":{"start":{"line":136,"column":4},"end":{"line":164,"column":5}},"73":{"start":{"line":137,"column":8},"end":{"line":137,"column":60}},"74":{"start":{"line":139,"column":8},"end":{"line":139,"column":37}},"75":{"start":{"line":140,"column":21},"end":{"line":140,"column":36}},"76":{"start":{"line":141,"column":8},"end":{"line":141,"column":89}},"77":{"start":{"line":141,"column":33},"end":{"line":141,"column":89}},"78":{"start":{"line":142,"column":8},"end":{"line":142,"column":89}},"79":{"start":{"line":142,"column":33},"end":{"line":142,"column":89}},"80":{"start":{"line":143,"column":8},"end":{"line":149,"column":9}},"81":{"start":{"line":144,"column":12},"end":{"line":144,"column":54}},"82":{"start":{"line":145,"column":30},"end":{"line":145,"column":69}},"83":{"start":{"line":146,"column":12},"end":{"line":146,"column":34}},"84":{"start":{"line":147,"column":12},"end":{"line":148,"column":122}},"85":{"start":{"line":150,"column":8},"end":{"line":150,"column":28}},"86":{"start":{"line":152,"column":8},"end":{"line":163,"column":9}},"87":{"start":{"line":153,"column":25},"end":{"line":153,"column":60}},"88":{"start":{"line":154,"column":12},"end":{"line":154,"column":41}},"89":{"start":{"line":155,"column":12},"end":{"line":159,"column":13}},"90":{"start":{"line":156,"column":16},"end":{"line":156,"column":75}},"91":{"start":{"line":158,"column":16},"end":{"line":158,"column":39}},"92":{"start":{"line":161,"column":12},"end":{"line":161,"column":29}},"93":{"start":{"line":162,"column":12},"end":{"line":162,"column":55}},"94":{"start":{"line":167,"column":0},"end":{"line":184,"column":1}},"95":{"start":{"line":168,"column":4},"end":{"line":183,"column":5}},"96":{"start":{"line":169,"column":8},"end":{"line":169,"column":57}},"97":{"start":{"line":171,"column":8},"end":{"line":182,"column":9}},"98":{"start":{"line":172,"column":25},"end":{"line":172,"column":85}},"99":{"start":{"line":173,"column":12},"end":{"line":173,"column":30}},"100":{"start":{"line":174,"column":12},"end":{"line":176,"column":13}},"101":{"start":{"line":175,"column":16},"end":{"line":175,"column":76}},"102":{"start":{"line":177,"column":27},"end":{"line":177,"column":48}},"103":{"start":{"line":178,"column":12},"end":{"line":178,"column":31}},"104":{"start":{"line":180,"column":12},"end":{"line":180,"column":29}},"105":{"start":{"line":181,"column":12},"end":{"line":181,"column":55}},"106":{"start":{"line":186,"column":0},"end":{"line":203,"column":1}},"107":{"start":{"line":187,"column":4},"end":{"line":202,"column":5}},"108":{"start":{"line":188,"column":8},"end":{"line":188,"column":64}},"109":{"start":{"line":190,"column":8},"end":{"line":201,"column":9}},"110":{"start":{"line":191,"column":25},"end":{"line":191,"column":67}},"111":{"start":{"line":192,"column":12},"end":{"line":192,"column":30}},"112":{"start":{"line":193,"column":12},"end":{"line":197,"column":13}},"113":{"start":{"line":194,"column":16},"end":{"line":194,"column":75}},"114":{"start":{"line":196,"column":16},"end":{"line":196,"column":56}},"115":{"start":{"line":199,"column":12},"end":{"line":199,"column":29}},"116":{"start":{"line":200,"column":12},"end":{"line":200,"column":55}}},"fnMap":{"0":{"name":"(anonymous_0)","decl":{"start":{"line":6,"column":21},"end":{"line":6,"column":22}},"loc":{"start":{"line":6,"column":41},"end":{"line":23,"column":1}},"line":6},"1":{"name":"(anonymous_1)","decl":{"start":{"line":25,"column":22},"end":{"line":25,"column":23}},"loc":{"start":{"line":25,"column":42},"end":{"line":45,"column":1}},"line":25},"2":{"name":"(anonymous_2)","decl":{"start":{"line":47,"column":24},"end":{"line":47,"column":25}},"loc":{"start":{"line":47,"column":44},"end":{"line":64,"column":1}},"line":47},"3":{"name":"(anonymous_3)","decl":{"start":{"line":66,"column":24},"end":{"line":66,"column":25}},"loc":{"start":{"line":66,"column":44},"end":{"line":114,"column":1}},"line":66},"4":{"name":"(anonymous_4)","decl":{"start":{"line":116,"column":22},"end":{"line":116,"column":23}},"loc":{"start":{"line":116,"column":42},"end":{"line":133,"column":1}},"line":116},"5":{"name":"(anonymous_5)","decl":{"start":{"line":135,"column":22},"end":{"line":135,"column":23}},"loc":{"start":{"line":135,"column":42},"end":{"line":165,"column":1}},"line":135},"6":{"name":"(anonymous_6)","decl":{"start":{"line":167,"column":17},"end":{"line":167,"column":18}},"loc":{"start":{"line":167,"column":37},"end":{"line":184,"column":1}},"line":167},"7":{"name":"(anonymous_7)","decl":{"start":{"line":186,"column":23},"end":{"line":186,"column":24}},"loc":{"start":{"line":186,"column":43},"end":{"line":203,"column":1}},"line":186}},"branchMap":{"0":{"loc":{"start":{"line":7,"column":4},"end":{"line":22,"column":5}},"type":"if","locations":[{"start":{"line":7,"column":4},"end":{"line":22,"column":5}},{"start":{"line":9,"column":11},"end":{"line":22,"column":5}}],"line":7},"1":{"loc":{"start":{"line":13,"column":12},"end":{"line":17,"column":13}},"type":"if","locations":[{"start":{"line":13,"column":12},"end":{"line":17,"column":13}},{"start":{"line":15,"column":19},"end":{"line":17,"column":13}}],"line":13},"2":{"loc":{"start":{"line":26,"column":4},"end":{"line":43,"column":5}},"type":"if","locations":[{"start":{"line":26,"column":4},"end":{"line":43,"column":5}},{"start":{"line":28,"column":11},"end":{"line":43,"column":5}}],"line":26},"3":{"loc":{"start":{"line":34,"column":12},"end":{"line":38,"column":13}},"type":"if","locations":[{"start":{"line":34,"column":12},"end":{"line":38,"column":13}},{"start":{"line":36,"column":19},"end":{"line":38,"column":13}}],"line":34},"4":{"loc":{"start":{"line":48,"column":4},"end":{"line":63,"column":5}},"type":"if","locations":[{"start":{"line":48,"column":4},"end":{"line":63,"column":5}},{"start":{"line":50,"column":11},"end":{"line":63,"column":5}}],"line":48},"5":{"loc":{"start":{"line":54,"column":12},"end":{"line":58,"column":13}},"type":"if","locations":[{"start":{"line":54,"column":12},"end":{"line":58,"column":13}},{"start":{"line":56,"column":19},"end":{"line":58,"column":13}}],"line":54},"6":{"loc":{"start":{"line":54,"column":16},"end":{"line":54,"column":47}},"type":"binary-expr","locations":[{"start":{"line":54,"column":16},"end":{"line":54,"column":21}},{"start":{"line":54,"column":25},"end":{"line":54,"column":47}}],"line":54},"7":{"loc":{"start":{"line":67,"column":4},"end":{"line":112,"column":5}},"type":"if","locations":[{"start":{"line":67,"column":4},"end":{"line":112,"column":5}},{"start":{"line":70,"column":11},"end":{"line":112,"column":5}}],"line":67},"8":{"loc":{"start":{"line":67,"column":8},"end":{"line":67,"column":117}},"type":"binary-expr","locations":[{"start":{"line":67,"column":8},"end":{"line":67,"column":23}},{"start":{"line":67,"column":27},"end":{"line":67,"column":45}},{"start":{"line":67,"column":49},"end":{"line":67,"column":68}},{"start":{"line":67,"column":72},"end":{"line":67,"column":97}},{"start":{"line":67,"column":101},"end":{"line":67,"column":117}}],"line":67},"9":{"loc":{"start":{"line":98,"column":12},"end":{"line":101,"column":13}},"type":"if","locations":[{"start":{"line":98,"column":12},"end":{"line":101,"column":13}},{"start":{},"end":{}}],"line":98},"10":{"loc":{"start":{"line":102,"column":12},"end":{"line":107,"column":13}},"type":"if","locations":[{"start":{"line":102,"column":12},"end":{"line":107,"column":13}},{"start":{"line":105,"column":19},"end":{"line":107,"column":13}}],"line":102},"11":{"loc":{"start":{"line":117,"column":4},"end":{"line":132,"column":5}},"type":"if","locations":[{"start":{"line":117,"column":4},"end":{"line":132,"column":5}},{"start":{"line":119,"column":11},"end":{"line":132,"column":5}}],"line":117},"12":{"loc":{"start":{"line":123,"column":12},"end":{"line":127,"column":13}},"type":"if","locations":[{"start":{"line":123,"column":12},"end":{"line":127,"column":13}},{"start":{"line":125,"column":19},"end":{"line":127,"column":13}}],"line":123},"13":{"loc":{"start":{"line":136,"column":4},"end":{"line":164,"column":5}},"type":"if","locations":[{"start":{"line":136,"column":4},"end":{"line":164,"column":5}},{"start":{"line":138,"column":11},"end":{"line":164,"column":5}}],"line":136},"14":{"loc":{"start":{"line":141,"column":8},"end":{"line":141,"column":89}},"type":"if","locations":[{"start":{"line":141,"column":8},"end":{"line":141,"column":89}},{"start":{},"end":{}}],"line":141},"15":{"loc":{"start":{"line":142,"column":8},"end":{"line":142,"column":89}},"type":"if","locations":[{"start":{"line":142,"column":8},"end":{"line":142,"column":89}},{"start":{},"end":{}}],"line":142},"16":{"loc":{"start":{"line":143,"column":8},"end":{"line":149,"column":9}},"type":"if","locations":[{"start":{"line":143,"column":8},"end":{"line":149,"column":9}},{"start":{},"end":{}}],"line":143},"17":{"loc":{"start":{"line":155,"column":12},"end":{"line":159,"column":13}},"type":"if","locations":[{"start":{"line":155,"column":12},"end":{"line":159,"column":13}},{"start":{"line":157,"column":19},"end":{"line":159,"column":13}}],"line":155},"18":{"loc":{"start":{"line":168,"column":4},"end":{"line":183,"column":5}},"type":"if","locations":[{"start":{"line":168,"column":4},"end":{"line":183,"column":5}},{"start":{"line":170,"column":11},"end":{"line":183,"column":5}}],"line":168},"19":{"loc":{"start":{"line":174,"column":12},"end":{"line":176,"column":13}},"type":"if","locations":[{"start":{"line":174,"column":12},"end":{"line":176,"column":13}},{"start":{},"end":{}}],"line":174},"20":{"loc":{"start":{"line":187,"column":4},"end":{"line":202,"column":5}},"type":"if","locations":[{"start":{"line":187,"column":4},"end":{"line":202,"column":5}},{"start":{"line":189,"column":11},"end":{"line":202,"column":5}}],"line":187},"21":{"loc":{"start":{"line":193,"column":12},"end":{"line":197,"column":13}},"type":"if","locations":[{"start":{"line":193,"column":12},"end":{"line":197,"column":13}},{"start":{"line":195,"column":19},"end":{"line":197,"column":13}}],"line":193}},"s":{"0":4,"1":4,"2":4,"3":4,"4":1,"5":1,"6":0,"7":0,"8":0,"9":0,"10":0,"11":0,"12":0,"13":0,"14":4,"15":1,"16":0,"17":1,"18":1,"19":1,"20":1,"21":1,"22":1,"23":0,"24":1,"25":0,"26":0,"27":4,"28":1,"29":0,"30":1,"31":1,"32":1,"33":1,"34":0,"35":1,"36":0,"37":0,"38":4,"39":1,"40":0,"41":1,"42":1,"43":1,"44":1,"45":1,"46":1,"47":1,"48":1,"49":1,"50":1,"51":1,"52":0,"53":0,"54":1,"55":0,"56":0,"57":1,"58":0,"59":0,"60":4,"61":1,"62":1,"63":0,"64":0,"65":0,"66":0,"67":0,"68":0,"69":0,"70":0,"71":4,"72":1,"73":0,"74":1,"75":1,"76":1,"77":1,"78":1,"79":0,"80":1,"81":0,"82":0,"83":0,"84":0,"85":1,"86":1,"87":1,"88":1,"89":1,"90":0,"91":1,"92":0,"93":0,"94":4,"95":1,"96":1,"97":0,"98":0,"99":0,"100":0,"101":0,"102":0,"103":0,"104":0,"105":0,"106":4,"107":1,"108":1,"109":0,"110":0,"111":0,"112":0,"113":0,"114":0,"115":0,"116":0},"f":{"0":1,"1":1,"2":1,"3":1,"4":1,"5":1,"6":1,"7":1},"b":{"0":[1,0],"1":[0,0],"2":[0,1],"3":[0,1],"4":[0,1],"5":[0,1],"6":[1,1],"7":[0,1],"8":[1,1,1,1,1],"9":[0,1],"10":[0,1],"11":[1,0],"12":[0,0],"13":[0,1],"14":[1,0],"15":[0,1],"16":[0,1],"17":[0,1],"18":[1,0],"19":[0,0],"20":[1,0],"21":[0,0]},"_coverageSchema":"1a1c01bbd47fc00a2c39e90264f33305004495a9","hash":"f7115999f784b551524e5c597f9705e986a82ed9"}
,"C:\\fitr-506\\backend\\models\\activity.model.js": {"path":"C:\\fitr-506\\backend\\models\\activity.model.js","statementMap":{"0":{"start":{"line":1,"column":17},"end":{"line":1,"column":36}},"1":{"start":{"line":3,"column":17},"end":{"line":9,"column":1}},"2":{"start":{"line":11,"column":0},"end":{"line":11,"column":26}}},"fnMap":{},"branchMap":{},"s":{"0":4,"1":4,"2":4},"f":{},"b":{},"_coverageSchema":"1a1c01bbd47fc00a2c39e90264f33305004495a9","hash":"b478ce45d0b772a86ca0dc9fca2a0a0d4951d820"}
,"C:\\fitr-506\\backend\\models\\admin.model.js": {"path":"C:\\fitr-506\\backend\\models\\admin.model.js","statementMap":{"0":{"start":{"line":1,"column":17},"end":{"line":1,"column":36}},"1":{"start":{"line":3,"column":14},"end":{"line":14,"column":1}},"2":{"start":{"line":16,"column":0},"end":{"line":16,"column":23}}},"fnMap":{},"branchMap":{},"s":{"0":4,"1":4,"2":4},"f":{},"b":{},"_coverageSchema":"1a1c01bbd47fc00a2c39e90264f33305004495a9","hash":"1552feef7ad337946245baf8b9423b6d83aaedae"}
,"C:\\fitr-506\\backend\\models\\availability.model.js": {"path":"C:\\fitr-506\\backend\\models\\availability.model.js","statementMap":{"0":{"start":{"line":1,"column":17},"end":{"line":1,"column":36}},"1":{"start":{"line":3,"column":21},"end":{"line":14,"column":1}}},"fnMap":{},"branchMap":{},"s":{"0":4,"1":4},"f":{},"b":{},"_coverageSchema":"1a1c01bbd47fc00a2c39e90264f33305004495a9","hash":"55d8042f56e636ae79029614dfef057f6c52e52d"}
,"C:\\fitr-506\\backend\\models\\exercise.model.js": {"path":"C:\\fitr-506\\backend\\models\\exercise.model.js","statementMap":{"0":{"start":{"line":1,"column":17},"end":{"line":1,"column":36}},"1":{"start":{"line":3,"column":17},"end":{"line":8,"column":1}},"2":{"start":{"line":10,"column":0},"end":{"line":10,"column":26}}},"fnMap":{},"branchMap":{},"s":{"0":4,"1":4,"2":4},"f":{},"b":{},"_coverageSchema":"1a1c01bbd47fc00a2c39e90264f33305004495a9","hash":"7ff768638cd0f8dbef5b5a0303edcc65e4d85d73"}
,"C:\\fitr-506\\backend\\models\\experience.model.js": {"path":"C:\\fitr-506\\backend\\models\\experience.model.js","statementMap":{"0":{"start":{"line":1,"column":17},"end":{"line":1,"column":36}},"1":{"start":{"line":3,"column":19},"end":{"line":8,"column":1}},"2":{"start":{"line":10,"column":0},"end":{"line":10,"column":28}}},"fnMap":{},"branchMap":{},"s":{"0":4,"1":4,"2":4},"f":{},"b":{},"_coverageSchema":"1a1c01bbd47fc00a2c39e90264f33305004495a9","hash":"c8237dced3e867712f4275a7d123a4d5678b3592"}
,"C:\\fitr-506\\backend\\models\\index.js": {"path":"C:\\fitr-506\\backend\\models\\index.js","statementMap":{"0":{"start":{"line":1,"column":17},"end":{"line":1,"column":36}},"1":{"start":{"line":3,"column":11},"end":{"line":3,"column":13}},"2":{"start":{"line":5,"column":0},"end":{"line":5,"column":23}},"3":{"start":{"line":7,"column":0},"end":{"line":7,"column":34}},"4":{"start":{"line":8,"column":0},"end":{"line":8,"column":45}},"5":{"start":{"line":9,"column":0},"end":{"line":9,"column":40}},"6":{"start":{"line":10,"column":0},"end":{"line":10,"column":42}},"7":{"start":{"line":11,"column":0},"end":{"line":11,"column":46}},"8":{"start":{"line":12,"column":0},"end":{"line":12,"column":52}},"9":{"start":{"line":13,"column":0},"end":{"line":13,"column":36}},"10":{"start":{"line":14,"column":0},"end":{"line":14,"column":50}},"11":{"start":{"line":15,"column":0},"end":{"line":15,"column":48}},"12":{"start":{"line":16,"column":0},"end":{"line":16,"column":42}},"13":{"start":{"line":18,"column":0},"end":{"line":18,"column":20}}},"fnMap":{},"branchMap":{},"s":{"0":4,"1":4,"2":4,"3":4,"4":4,"5":4,"6":4,"7":4,"8":4,"9":4,"10":4,"11":4,"12":4,"13":4},"f":{},"b":{},"_coverageSchema":"1a1c01bbd47fc00a2c39e90264f33305004495a9","hash":"312d0f02a423149f0a5db4cae23a90aa8ba7dbf6"}
,"C:\\fitr-506\\backend\\models\\schoolYear.model.js": {"path":"C:\\fitr-506\\backend\\models\\schoolYear.model.js","statementMap":{"0":{"start":{"line":1,"column":17},"end":{"line":1,"column":36}},"1":{"start":{"line":3,"column":19},"end":{"line":8,"column":1}},"2":{"start":{"line":10,"column":0},"end":{"line":10,"column":28}}},"fnMap":{},"branchMap":{},"s":{"0":4,"1":4,"2":4},"f":{},"b":{},"_coverageSchema":"1a1c01bbd47fc00a2c39e90264f33305004495a9","hash":"90b0d91278d38db56c9ada39e723f7d7bff4a26e"}
,"C:\\fitr-506\\backend\\models\\token.model.js": {"path":"C:\\fitr-506\\backend\\models\\token.model.js","statementMap":{"0":{"start":{"line":1,"column":17},"end":{"line":1,"column":36}},"1":{"start":{"line":3,"column":20},"end":{"line":18,"column":2}},"2":{"start":{"line":20,"column":0},"end":{"line":20,"column":54}}},"fnMap":{},"branchMap":{},"s":{"0":4,"1":4,"2":4},"f":{},"b":{},"_coverageSchema":"1a1c01bbd47fc00a2c39e90264f33305004495a9","hash":"2da57b238e144afbdeaf5687ad82ae9d3b0ad111"}
,"C:\\fitr-506\\backend\\models\\user.model.js": {"path":"C:\\fitr-506\\backend\\models\\user.model.js","statementMap":{"0":{"start":{"line":1,"column":17},"end":{"line":1,"column":36}},"1":{"start":{"line":2,"column":30},"end":{"line":2,"column":64}},"2":{"start":{"line":4,"column":19},"end":{"line":20,"column":2}},"3":{"start":{"line":22,"column":0},"end":{"line":22,"column":41}},"4":{"start":{"line":24,"column":13},"end":{"line":26,"column":1}},"5":{"start":{"line":28,"column":0},"end":{"line":28,"column":22}}},"fnMap":{},"branchMap":{},"s":{"0":4,"1":4,"2":4,"3":4,"4":4,"5":4},"f":{},"b":{},"_coverageSchema":"1a1c01bbd47fc00a2c39e90264f33305004495a9","hash":"d8bb636714a9fcc72b647752634dcf9d86e59ced"}
,"C:\\fitr-506\\backend\\models\\userWorkout.model.js": {"path":"C:\\fitr-506\\backend\\models\\userWorkout.model.js","statementMap":{"0":{"start":{"line":1,"column":17},"end":{"line":1,"column":36}},"1":{"start":{"line":3,"column":20},"end":{"line":16,"column":1}},"2":{"start":{"line":18,"column":0},"end":{"line":18,"column":29}}},"fnMap":{},"branchMap":{},"s":{"0":4,"1":4,"2":4},"f":{},"b":{},"_coverageSchema":"1a1c01bbd47fc00a2c39e90264f33305004495a9","hash":"bc52be00b95f4433f9729a0f40d79363dd3b561e"}
,"C:\\fitr-506\\backend\\models\\workout.model.js": {"path":"C:\\fitr-506\\backend\\models\\workout.model.js","statementMap":{"0":{"start":{"line":1,"column":17},"end":{"line":1,"column":36}},"1":{"start":{"line":3,"column":16},"end":{"line":38,"column":1}},"2":{"start":{"line":40,"column":0},"end":{"line":40,"column":25}}},"fnMap":{},"branchMap":{},"s":{"0":4,"1":4,"2":4},"f":{},"b":{},"_coverageSchema":"1a1c01bbd47fc00a2c39e90264f33305004495a9","hash":"5bcabfa80b09943f1db7147ec5cc9e47db5e88f9"}
,"C:\\fitr-506\\backend\\models\\workoutLength.model.js": {"path":"C:\\fitr-506\\backend\\models\\workoutLength.model.js","statementMap":{"0":{"start":{"line":1,"column":17},"end":{"line":1,"column":36}},"1":{"start":{"line":3,"column":22},"end":{"line":8,"column":1}},"2":{"start":{"line":10,"column":0},"end":{"line":10,"column":31}}},"fnMap":{},"branchMap":{},"s":{"0":4,"1":4,"2":4},"f":{},"b":{},"_coverageSchema":"1a1c01bbd47fc00a2c39e90264f33305004495a9","hash":"4616c35af5b6ef6319c838a041b9247f6deb03d0"}
,"C:\\fitr-506\\backend\\passport\\strategies.js": {"path":"C:\\fitr-506\\backend\\passport\\strategies.js","statementMap":{"0":{"start":{"line":1,"column":17},"end":{"line":1,"column":36}},"1":{"start":{"line":2,"column":22},"end":{"line":2,"column":56}},"2":{"start":{"line":3,"column":20},"end":{"line":3,"column":52}},"3":{"start":{"line":4,"column":19},"end":{"line":4,"column":53}},"4":{"start":{"line":5,"column":15},"end":{"line":5,"column":32}},"5":{"start":{"line":7,"column":11},"end":{"line":7,"column":31}},"6":{"start":{"line":8,"column":13},"end":{"line":8,"column":20}},"7":{"start":{"line":10,"column":0},"end":{"line":92,"column":1}},"8":{"start":{"line":11,"column":8},"end":{"line":33,"column":10}},"9":{"start":{"line":16,"column":16},"end":{"line":31,"column":17}},"10":{"start":{"line":17,"column":31},"end":{"line":17,"column":71}},"11":{"start":{"line":18,"column":20},"end":{"line":26,"column":21}},"12":{"start":{"line":19,"column":24},"end":{"line":19,"column":82}},"13":{"start":{"line":22,"column":40},"end":{"line":22,"column":85}},"14":{"start":{"line":23,"column":24},"end":{"line":25,"column":25}},"15":{"start":{"line":24,"column":28},"end":{"line":24,"column":95}},"16":{"start":{"line":27,"column":20},"end":{"line":27,"column":86}},"17":{"start":{"line":29,"column":20},"end":{"line":29,"column":37}},"18":{"start":{"line":30,"column":20},"end":{"line":30,"column":37}},"19":{"start":{"line":35,"column":8},"end":{"line":70,"column":10}},"20":{"start":{"line":40,"column":16},"end":{"line":68,"column":17}},"21":{"start":{"line":41,"column":31},"end":{"line":41,"column":71}},"22":{"start":{"line":42,"column":20},"end":{"line":63,"column":21}},"23":{"start":{"line":43,"column":24},"end":{"line":43,"column":101}},"24":{"start":{"line":45,"column":47},"end":{"line":45,"column":78}},"25":{"start":{"line":46,"column":35},"end":{"line":60,"column":26}},"26":{"start":{"line":61,"column":24},"end":{"line":61,"column":42}},"27":{"start":{"line":62,"column":24},"end":{"line":62,"column":93}},"28":{"start":{"line":66,"column":20},"end":{"line":66,"column":37}},"29":{"start":{"line":67,"column":20},"end":{"line":67,"column":37}},"30":{"start":{"line":72,"column":8},"end":{"line":91,"column":10}},"31":{"start":{"line":78,"column":16},"end":{"line":89,"column":17}},"32":{"start":{"line":79,"column":31},"end":{"line":79,"column":77}},"33":{"start":{"line":80,"column":20},"end":{"line":86,"column":21}},"34":{"start":{"line":81,"column":24},"end":{"line":81,"column":49}},"35":{"start":{"line":82,"column":24},"end":{"line":82,"column":41}},"36":{"start":{"line":84,"column":24},"end":{"line":84,"column":53}},"37":{"start":{"line":85,"column":24},"end":{"line":85,"column":42}},"38":{"start":{"line":88,"column":20},"end":{"line":88,"column":36}}},"fnMap":{"0":{"name":"(anonymous_0)","decl":{"start":{"line":10,"column":17},"end":{"line":10,"column":18}},"loc":{"start":{"line":10,"column":31},"end":{"line":92,"column":1}},"line":10},"1":{"name":"(anonymous_1)","decl":{"start":{"line":15,"column":11},"end":{"line":15,"column":12}},"loc":{"start":{"line":15,"column":47},"end":{"line":32,"column":13}},"line":15},"2":{"name":"(anonymous_2)","decl":{"start":{"line":39,"column":11},"end":{"line":39,"column":12}},"loc":{"start":{"line":39,"column":52},"end":{"line":69,"column":13}},"line":39},"3":{"name":"(anonymous_3)","decl":{"start":{"line":77,"column":12},"end":{"line":77,"column":13}},"loc":{"start":{"line":77,"column":35},"end":{"line":90,"column":13}},"line":77}},"branchMap":{"0":{"loc":{"start":{"line":18,"column":20},"end":{"line":26,"column":21}},"type":"if","locations":[{"start":{"line":18,"column":20},"end":{"line":26,"column":21}},{"start":{"line":21,"column":25},"end":{"line":26,"column":21}}],"line":18},"1":{"loc":{"start":{"line":23,"column":24},"end":{"line":25,"column":25}},"type":"if","locations":[{"start":{"line":23,"column":24},"end":{"line":25,"column":25}},{"start":{},"end":{}}],"line":23},"2":{"loc":{"start":{"line":42,"column":20},"end":{"line":63,"column":21}},"type":"if","locations":[{"start":{"line":42,"column":20},"end":{"line":63,"column":21}},{"start":{"line":44,"column":27},"end":{"line":63,"column":21}}],"line":42},"3":{"loc":{"start":{"line":80,"column":20},"end":{"line":86,"column":21}},"type":"if","locations":[{"start":{"line":80,"column":20},"end":{"line":86,"column":21}},{"start":{"line":83,"column":27},"end":{"line":86,"column":21}}],"line":80}},"s":{"0":4,"1":4,"2":4,"3":4,"4":4,"5":4,"6":4,"7":4,"8":4,"9":1,"10":1,"11":1,"12":0,"13":1,"14":1,"15":1,"16":0,"17":0,"18":0,"19":4,"20":2,"21":2,"22":2,"23":0,"24":2,"25":2,"26":2,"27":2,"28":0,"29":0,"30":4,"31":0,"32":0,"33":0,"34":0,"35":0,"36":0,"37":0,"38":0},"f":{"0":4,"1":1,"2":2,"3":0},"b":{"0":[0,1],"1":[1,0],"2":[0,2],"3":[0,0]},"_coverageSchema":"1a1c01bbd47fc00a2c39e90264f33305004495a9","hash":"506d466ba72cf82359e70e270dba703461e87c59"}
,"C:\\fitr-506\\backend\\routes\\activity.routes.js": {"path":"C:\\fitr-506\\backend\\routes\\activity.routes.js","statementMap":{"0":{"start":{"line":1,"column":27},"end":{"line":1,"column":72}},"1":{"start":{"line":3,"column":0},"end":{"line":8,"column":1}},"2":{"start":{"line":4,"column":4},"end":{"line":4,"column":65}},"3":{"start":{"line":5,"column":4},"end":{"line":5,"column":66}},"4":{"start":{"line":6,"column":4},"end":{"line":6,"column":74}},"5":{"start":{"line":7,"column":4},"end":{"line":7,"column":82}}},"fnMap":{"0":{"name":"(anonymous_0)","decl":{"start":{"line":3,"column":17},"end":{"line":3,"column":18}},"loc":{"start":{"line":3,"column":26},"end":{"line":8,"column":1}},"line":3}},"branchMap":{},"s":{"0":4,"1":4,"2":4,"3":4,"4":4,"5":4},"f":{"0":4},"b":{},"_coverageSchema":"1a1c01bbd47fc00a2c39e90264f33305004495a9","hash":"eb8190c6d1244eef909216041441941fdff0745e"}
,"C:\\fitr-506\\backend\\routes\\admin.routes.js": {"path":"C:\\fitr-506\\backend\\routes\\admin.routes.js","statementMap":{"0":{"start":{"line":1,"column":24},"end":{"line":1,"column":66}},"1":{"start":{"line":3,"column":0},"end":{"line":8,"column":1}},"2":{"start":{"line":4,"column":4},"end":{"line":4,"column":57}},"3":{"start":{"line":5,"column":4},"end":{"line":5,"column":56}},"4":{"start":{"line":6,"column":4},"end":{"line":6,"column":65}},"5":{"start":{"line":7,"column":4},"end":{"line":7,"column":68}}},"fnMap":{"0":{"name":"(anonymous_0)","decl":{"start":{"line":3,"column":17},"end":{"line":3,"column":18}},"loc":{"start":{"line":3,"column":26},"end":{"line":8,"column":1}},"line":3}},"branchMap":{},"s":{"0":4,"1":4,"2":4,"3":4,"4":4,"5":4},"f":{"0":4},"b":{},"_coverageSchema":"1a1c01bbd47fc00a2c39e90264f33305004495a9","hash":"4f6fbb8778650e707ff3d2537e1d13fa8bc23a06"}
,"C:\\fitr-506\\backend\\routes\\auth.routes.js": {"path":"C:\\fitr-506\\backend\\routes\\auth.routes.js","statementMap":{"0":{"start":{"line":1,"column":23},"end":{"line":1,"column":64}},"1":{"start":{"line":2,"column":29},"end":{"line":2,"column":80}},"2":{"start":{"line":4,"column":0},"end":{"line":10,"column":1}},"3":{"start":{"line":5,"column":4},"end":{"line":5,"column":51}},"4":{"start":{"line":6,"column":4},"end":{"line":6,"column":51}},"5":{"start":{"line":7,"column":4},"end":{"line":7,"column":73}},"6":{"start":{"line":8,"column":4},"end":{"line":8,"column":75}},"7":{"start":{"line":9,"column":4},"end":{"line":9,"column":67}}},"fnMap":{"0":{"name":"(anonymous_0)","decl":{"start":{"line":4,"column":17},"end":{"line":4,"column":18}},"loc":{"start":{"line":4,"column":26},"end":{"line":10,"column":1}},"line":4}},"branchMap":{},"s":{"0":4,"1":4,"2":4,"3":4,"4":4,"5":4,"6":4,"7":4},"f":{"0":4},"b":{},"_coverageSchema":"1a1c01bbd47fc00a2c39e90264f33305004495a9","hash":"e671154569c760d33ec0abec2de314850cc9fb05"}
,"C:\\fitr-506\\backend\\routes\\secure.routes.js": {"path":"C:\\fitr-506\\backend\\routes\\secure.routes.js","statementMap":{"0":{"start":{"line":1,"column":23},"end":{"line":1,"column":64}},"1":{"start":{"line":3,"column":0},"end":{"line":5,"column":1}},"2":{"start":{"line":4,"column":4},"end":{"line":4,"column":55}}},"fnMap":{"0":{"name":"(anonymous_0)","decl":{"start":{"line":3,"column":17},"end":{"line":3,"column":18}},"loc":{"start":{"line":3,"column":26},"end":{"line":5,"column":1}},"line":3}},"branchMap":{},"s":{"0":4,"1":4,"2":4},"f":{"0":4},"b":{},"_coverageSchema":"1a1c01bbd47fc00a2c39e90264f33305004495a9","hash":"a9667ba6c52db29f2619cb4e4000850f5bf09e8a"}
,"C:\\fitr-506\\backend\\routes\\user.routes.js": {"path":"C:\\fitr-506\\backend\\routes\\user.routes.js","statementMap":{"0":{"start":{"line":1,"column":23},"end":{"line":1,"column":64}},"1":{"start":{"line":3,"column":0},"end":{"line":12,"column":1}},"2":{"start":{"line":4,"column":4},"end":{"line":4,"column":56}},"3":{"start":{"line":5,"column":4},"end":{"line":5,"column":57}},"4":{"start":{"line":6,"column":4},"end":{"line":6,"column":59}},"5":{"start":{"line":7,"column":4},"end":{"line":7,"column":85}},"6":{"start":{"line":8,"column":4},"end":{"line":8,"column":65}},"7":{"start":{"line":9,"column":4},"end":{"line":9,"column":80}},"8":{"start":{"line":10,"column":4},"end":{"line":10,"column":84}},"9":{"start":{"line":11,"column":4},"end":{"line":11,"column":66}}},"fnMap":{"0":{"name":"(anonymous_0)","decl":{"start":{"line":3,"column":17},"end":{"line":3,"column":18}},"loc":{"start":{"line":3,"column":26},"end":{"line":12,"column":1}},"line":3}},"branchMap":{},"s":{"0":4,"1":4,"2":4,"3":4,"4":4,"5":4,"6":4,"7":4,"8":4,"9":4},"f":{"0":4},"b":{},"_coverageSchema":"1a1c01bbd47fc00a2c39e90264f33305004495a9","hash":"a38f442edc52fb92da38ba1ed52b76906d567898"}
,"C:\\fitr-506\\backend\\routes\\userWorkout.routes.js": {"path":"C:\\fitr-506\\backend\\routes\\userWorkout.routes.js","statementMap":{"0":{"start":{"line":1,"column":30},"end":{"line":1,"column":78}},"1":{"start":{"line":3,"column":0},"end":{"line":8,"column":1}},"2":{"start":{"line":4,"column":4},"end":{"line":4,"column":75}},"3":{"start":{"line":5,"column":4},"end":{"line":5,"column":75}},"4":{"start":{"line":6,"column":4},"end":{"line":6,"column":83}},"5":{"start":{"line":7,"column":4},"end":{"line":7,"column":87}}},"fnMap":{"0":{"name":"(anonymous_0)","decl":{"start":{"line":3,"column":17},"end":{"line":3,"column":18}},"loc":{"start":{"line":3,"column":26},"end":{"line":8,"column":1}},"line":3}},"branchMap":{},"s":{"0":4,"1":4,"2":4,"3":4,"4":4,"5":4},"f":{"0":4},"b":{},"_coverageSchema":"1a1c01bbd47fc00a2c39e90264f33305004495a9","hash":"f627b6ebb0fb0dcae9f005b9168516c863543ddb"}
,"C:\\fitr-506\\backend\\routes\\workout.routes.js": {"path":"C:\\fitr-506\\backend\\routes\\workout.routes.js","statementMap":{"0":{"start":{"line":1,"column":26},"end":{"line":1,"column":70}},"1":{"start":{"line":3,"column":0},"end":{"line":12,"column":1}},"2":{"start":{"line":4,"column":4},"end":{"line":4,"column":62}},"3":{"start":{"line":5,"column":4},"end":{"line":5,"column":65}},"4":{"start":{"line":6,"column":4},"end":{"line":6,"column":71}},"5":{"start":{"line":7,"column":4},"end":{"line":7,"column":69}},"6":{"start":{"line":8,"column":4},"end":{"line":8,"column":71}},"7":{"start":{"line":9,"column":4},"end":{"line":9,"column":72}},"8":{"start":{"line":10,"column":4},"end":{"line":10,"column":61}},"9":{"start":{"line":11,"column":4},"end":{"line":11,"column":73}}},"fnMap":{"0":{"name":"(anonymous_0)","decl":{"start":{"line":3,"column":17},"end":{"line":3,"column":18}},"loc":{"start":{"line":3,"column":26},"end":{"line":12,"column":1}},"line":3}},"branchMap":{},"s":{"0":4,"1":4,"2":4,"3":4,"4":4,"5":4,"6":4,"7":4,"8":4,"9":4},"f":{"0":4},"b":{},"_coverageSchema":"1a1c01bbd47fc00a2c39e90264f33305004495a9","hash":"c3ea5a56b339e0ea034c49f444d82609669f30ea"}
,"C:\\fitr-506\\backend\\utils\\sendEmail.js": {"path":"C:\\fitr-506\\backend\\utils\\sendEmail.js","statementMap":{"0":{"start":{"line":1,"column":19},"end":{"line":1,"column":40}},"1":{"start":{"line":2,"column":20},"end":{"line":2,"column":53}},"2":{"start":{"line":4,"column":18},"end":{"line":26,"column":1}},"3":{"start":{"line":5,"column":4},"end":{"line":25,"column":5}},"4":{"start":{"line":6,"column":26},"end":{"line":13,"column":10}},"5":{"start":{"line":15,"column":8},"end":{"line":20,"column":11}},"6":{"start":{"line":21,"column":8},"end":{"line":21,"column":47}},"7":{"start":{"line":23,"column":8},"end":{"line":23,"column":25}},"8":{"start":{"line":24,"column":8},"end":{"line":24,"column":48}},"9":{"start":{"line":28,"column":0},"end":{"line":28,"column":27}}},"fnMap":{"0":{"name":"(anonymous_0)","decl":{"start":{"line":4,"column":18},"end":{"line":4,"column":19}},"loc":{"start":{"line":4,"column":50},"end":{"line":26,"column":1}},"line":4}},"branchMap":{},"s":{"0":4,"1":4,"2":4,"3":0,"4":0,"5":0,"6":0,"7":0,"8":0,"9":4},"f":{"0":0},"b":{},"_coverageSchema":"1a1c01bbd47fc00a2c39e90264f33305004495a9","hash":"53d1358e688cda8a5e96bd88dba0a7ea715c46f7"}
}
